{"/home/travis/build/npmtest/node-npmtest-google-auth-library/test.js":{"path":"/home/travis/build/npmtest/node-npmtest-google-auth-library/test.js","s":{"1":2,"2":2,"3":2,"4":2,"5":2,"6":2,"7":2,"8":1,"9":2,"10":2,"11":1,"12":1,"13":1,"14":1,"15":2,"16":2,"17":2,"18":2,"19":1,"20":1,"21":2,"22":2,"23":2,"24":1,"25":1,"26":1,"27":1,"28":1,"29":1,"30":1,"31":1,"32":1,"33":1,"34":1,"35":1,"36":1,"37":1,"38":1,"39":2,"40":2,"41":1,"42":2,"43":2,"44":1,"45":2,"46":2,"47":1,"48":2,"49":2,"50":1,"51":1,"52":1,"53":1,"54":1},"b":{"1":[2,1,1,1],"2":[1,1,1,1],"3":[1,1],"4":[1,1],"5":[1,1],"6":[1,1],"7":[1,1],"8":[1,1],"9":[1,1],"10":[1,1,1],"11":[1,1],"12":[1,1],"13":[1,1],"14":[1,1],"15":[1,1],"16":[1,1],"17":[1,1]},"f":{"1":2,"2":2,"3":2,"4":2,"5":2,"6":1,"7":1,"8":1,"9":2,"10":2,"11":2,"12":2,"13":1},"fnMap":{"1":{"name":"(anonymous_1)","line":12,"loc":{"start":{"line":12,"column":1},"end":{"line":12,"column":13}}},"2":{"name":"(anonymous_2)","line":19,"loc":{"start":{"line":19,"column":5},"end":{"line":19,"column":17}}},"3":{"name":"(anonymous_3)","line":23,"loc":{"start":{"line":23,"column":24},"end":{"line":23,"column":36}}},"4":{"name":"(anonymous_4)","line":61,"loc":{"start":{"line":61,"column":5},"end":{"line":61,"column":17}}},"5":{"name":"(anonymous_5)","line":82,"loc":{"start":{"line":82,"column":5},"end":{"line":82,"column":17}}},"6":{"name":"(anonymous_6)","line":91,"loc":{"start":{"line":91,"column":77},"end":{"line":94,"column":10}}},"7":{"name":"(anonymous_7)","line":112,"loc":{"start":{"line":112,"column":83},"end":{"line":115,"column":10}},"skip":true},"8":{"name":"(anonymous_8)","line":123,"loc":{"start":{"line":123,"column":77},"end":{"line":126,"column":10}},"skip":true},"9":{"name":"(anonymous_9)","line":139,"loc":{"start":{"line":139,"column":12},"end":{"line":139,"column":40}},"skip":true},"10":{"name":"(anonymous_10)","line":147,"loc":{"start":{"line":147,"column":77},"end":{"line":150,"column":10}},"skip":true},"11":{"name":"(anonymous_11)","line":158,"loc":{"start":{"line":158,"column":83},"end":{"line":161,"column":10}},"skip":true},"12":{"name":"(anonymous_12)","line":169,"loc":{"start":{"line":169,"column":79},"end":{"line":172,"column":10}},"skip":true},"13":{"name":"(anonymous_13)","line":180,"loc":{"start":{"line":180,"column":75},"end":{"line":183,"column":10}},"skip":true}},"statementMap":{"1":{"start":{"line":12,"column":0},"end":{"line":195,"column":5}},"2":{"start":{"line":14,"column":4},"end":{"line":14,"column":14}},"3":{"start":{"line":19,"column":4},"end":{"line":56,"column":9}},"4":{"start":{"line":21,"column":8},"end":{"line":21,"column":19}},"5":{"start":{"line":23,"column":8},"end":{"line":35,"column":13}},"6":{"start":{"line":24,"column":12},"end":{"line":34,"column":13}},"7":{"start":{"line":25,"column":16},"end":{"line":28,"column":30}},"8":{"start":{"line":30,"column":16},"end":{"line":33,"column":27}},"9":{"start":{"line":37,"column":8},"end":{"line":39,"column":21}},"10":{"start":{"line":40,"column":8},"end":{"line":53,"column":9}},"11":{"start":{"line":43,"column":12},"end":{"line":46,"column":14}},"12":{"start":{"line":47,"column":12},"end":{"line":47,"column":18}},"13":{"start":{"line":50,"column":12},"end":{"line":51,"column":33}},"14":{"start":{"line":52,"column":12},"end":{"line":52,"column":18}},"15":{"start":{"line":55,"column":8},"end":{"line":55,"column":35}},"16":{"start":{"line":61,"column":4},"end":{"line":63,"column":9}},"17":{"start":{"line":62,"column":8},"end":{"line":62,"column":15}},"18":{"start":{"line":64,"column":4},"end":{"line":77,"column":5}},"19":{"start":{"line":70,"column":8},"end":{"line":70,"column":14}},"20":{"start":{"line":76,"column":8},"end":{"line":76,"column":14}},"21":{"start":{"line":82,"column":4},"end":{"line":84,"column":9}},"22":{"start":{"line":83,"column":8},"end":{"line":83,"column":15}},"23":{"start":{"line":85,"column":4},"end":{"line":194,"column":5}},"24":{"start":{"line":91,"column":8},"end":{"line":99,"column":10}},"25":{"start":{"line":98,"column":12},"end":{"line":98,"column":35}},"26":{"start":{"line":102,"column":8},"end":{"line":104,"column":63}},"27":{"start":{"line":105,"column":8},"end":{"line":105,"column":14}},"28":{"start":{"line":112,"column":8},"end":{"line":121,"column":10},"skip":true},"29":{"start":{"line":119,"column":12},"end":{"line":119,"column":55},"skip":true},"30":{"start":{"line":120,"column":12},"end":{"line":120,"column":48},"skip":true},"31":{"start":{"line":123,"column":8},"end":{"line":136,"column":10},"skip":true},"32":{"start":{"line":130,"column":12},"end":{"line":130,"column":76},"skip":true},"33":{"start":{"line":131,"column":12},"end":{"line":131,"column":73},"skip":true},"34":{"start":{"line":132,"column":12},"end":{"line":132,"column":74},"skip":true},"35":{"start":{"line":133,"column":12},"end":{"line":133,"column":79},"skip":true},"36":{"start":{"line":134,"column":12},"end":{"line":134,"column":25},"skip":true},"37":{"start":{"line":135,"column":12},"end":{"line":135,"column":45},"skip":true},"38":{"start":{"line":138,"column":8},"end":{"line":145,"column":14},"skip":true},"39":{"start":{"line":143,"column":16},"end":{"line":143,"column":29},"skip":true},"40":{"start":{"line":144,"column":16},"end":{"line":144,"column":55},"skip":true},"41":{"start":{"line":147,"column":8},"end":{"line":156,"column":10},"skip":true},"42":{"start":{"line":154,"column":12},"end":{"line":154,"column":25},"skip":true},"43":{"start":{"line":155,"column":12},"end":{"line":155,"column":45},"skip":true},"44":{"start":{"line":158,"column":8},"end":{"line":167,"column":10},"skip":true},"45":{"start":{"line":165,"column":12},"end":{"line":165,"column":25},"skip":true},"46":{"start":{"line":166,"column":12},"end":{"line":166,"column":48},"skip":true},"47":{"start":{"line":169,"column":8},"end":{"line":178,"column":10},"skip":true},"48":{"start":{"line":176,"column":12},"end":{"line":176,"column":25},"skip":true},"49":{"start":{"line":177,"column":12},"end":{"line":177,"column":46},"skip":true},"50":{"start":{"line":180,"column":8},"end":{"line":189,"column":10},"skip":true},"51":{"start":{"line":187,"column":12},"end":{"line":187,"column":94},"skip":true},"52":{"start":{"line":188,"column":12},"end":{"line":188,"column":48},"skip":true},"53":{"start":{"line":192,"column":8},"end":{"line":192,"column":35},"skip":true},"54":{"start":{"line":193,"column":8},"end":{"line":193,"column":14},"skip":true}},"branchMap":{"1":{"line":25,"type":"binary-expr","locations":[{"start":{"line":25,"column":23},"end":{"line":25,"column":62}},{"start":{"line":26,"column":20},"end":{"line":26,"column":70}},{"start":{"line":27,"column":20},"end":{"line":27,"column":71}},{"start":{"line":28,"column":20},"end":{"line":28,"column":29}}]},"2":{"line":30,"type":"binary-expr","locations":[{"start":{"line":30,"column":23},"end":{"line":30,"column":37}},{"start":{"line":31,"column":20},"end":{"line":31,"column":61}},{"start":{"line":32,"column":20},"end":{"line":32,"column":70}},{"start":{"line":33,"column":20},"end":{"line":33,"column":26}}]},"3":{"line":37,"type":"cond-expr","locations":[{"start":{"line":38,"column":14},"end":{"line":38,"column":20}},{"start":{"line":39,"column":14},"end":{"line":39,"column":20}}]},"4":{"line":40,"type":"switch","locations":[{"start":{"line":42,"column":8},"end":{"line":47,"column":18}},{"start":{"line":49,"column":8},"end":{"line":52,"column":18}}]},"5":{"line":44,"type":"binary-expr","locations":[{"start":{"line":44,"column":16},"end":{"line":44,"column":44}},{"start":{"line":44,"column":48},"end":{"line":44,"column":66}}]},"6":{"line":50,"type":"binary-expr","locations":[{"start":{"line":50,"column":21},"end":{"line":50,"column":49}},{"start":{"line":50,"column":53},"end":{"line":50,"column":72}}]},"7":{"line":64,"type":"switch","locations":[{"start":{"line":69,"column":4},"end":{"line":70,"column":14}},{"start":{"line":75,"column":4},"end":{"line":76,"column":14}}]},"8":{"line":85,"type":"switch","locations":[{"start":{"line":90,"column":4},"end":{"line":105,"column":14}},{"start":{"line":111,"column":4},"end":{"line":193,"column":14},"skip":true}]},"9":{"line":91,"type":"binary-expr","locations":[{"start":{"line":91,"column":42},"end":{"line":91,"column":73}},{"start":{"line":91,"column":77},"end":{"line":99,"column":9}}]},"10":{"line":102,"type":"binary-expr","locations":[{"start":{"line":102,"column":18},"end":{"line":102,"column":32}},{"start":{"line":103,"column":12},"end":{"line":103,"column":53}},{"start":{"line":104,"column":12},"end":{"line":104,"column":61}}]},"11":{"line":112,"type":"binary-expr","locations":[{"start":{"line":112,"column":45},"end":{"line":112,"column":79},"skip":true},{"start":{"line":112,"column":83},"end":{"line":121,"column":9},"skip":true}]},"12":{"line":123,"type":"binary-expr","locations":[{"start":{"line":123,"column":42},"end":{"line":123,"column":73},"skip":true},{"start":{"line":123,"column":77},"end":{"line":136,"column":9},"skip":true}]},"13":{"line":138,"type":"binary-expr","locations":[{"start":{"line":138,"column":48},"end":{"line":138,"column":85},"skip":true},{"start":{"line":139,"column":12},"end":{"line":145,"column":13},"skip":true}]},"14":{"line":147,"type":"binary-expr","locations":[{"start":{"line":147,"column":42},"end":{"line":147,"column":73},"skip":true},{"start":{"line":147,"column":77},"end":{"line":156,"column":9},"skip":true}]},"15":{"line":158,"type":"binary-expr","locations":[{"start":{"line":158,"column":45},"end":{"line":158,"column":79},"skip":true},{"start":{"line":158,"column":83},"end":{"line":167,"column":9},"skip":true}]},"16":{"line":169,"type":"binary-expr","locations":[{"start":{"line":169,"column":43},"end":{"line":169,"column":75},"skip":true},{"start":{"line":169,"column":79},"end":{"line":178,"column":9},"skip":true}]},"17":{"line":180,"type":"binary-expr","locations":[{"start":{"line":180,"column":41},"end":{"line":180,"column":71},"skip":true},{"start":{"line":180,"column":75},"end":{"line":189,"column":9},"skip":true}]}},"code":["/* istanbul instrument in package npmtest_google_auth_library */","/*jslint","    bitwise: true,","    browser: true,","    maxerr: 8,","    maxlen: 96,","    node: true,","    nomen: true,","    regexp: true,","    stupid: true","*/","(function () {","    'use strict';","    var local;","","","","    // run shared js-env code - init-before","    (function () {","        // init local","        local = {};","        // init modeJs","        local.modeJs = (function () {","            try {","                return typeof navigator.userAgent === 'string' &&","                    typeof document.querySelector('body') === 'object' &&","                    typeof XMLHttpRequest.prototype.open === 'function' &&","                    'browser';","            } catch (errorCaughtBrowser) {","                return module.exports &&","                    typeof process.versions.node === 'string' &&","                    typeof require('http').createServer === 'function' &&","                    'node';","            }","        }());","        // init global","        local.global = local.modeJs === 'browser'","            ? window","            : global;","        switch (local.modeJs) {","        // re-init local from window.local","        case 'browser':","            local = local.global.utility2.objectSetDefault(","                local.global.utility2_rollup || local.global.local,","                local.global.utility2","            );","            break;","        // re-init local from example.js","        case 'node':","            local = (local.global.utility2_rollup || require('utility2'))","                .requireReadme();","            break;","        }","        // export local","        local.global.local = local;","    }());","","","","    // run shared js-env code - function","    (function () {","        return;","    }());","    switch (local.modeJs) {","","","","    // run browser js-env code - function","    case 'browser':","        break;","","","","    // run node js-env code - function","    case 'node':","        break;","    }","","","","    // run shared js-env code - init-after","    (function () {","        return;","    }());","    switch (local.modeJs) {","","","","    // run browser js-env code - init-after","    case 'browser':","        local.testCase_browser_nullCase = local.testCase_browser_nullCase || function (","            options,","            onError","        ) {","        /*","         * this function will test browsers's null-case handling-behavior-behavior","         */","            onError(null, options);","        };","","        // run tests","        local.nop(local.modeTest &&","            document.querySelector('#testRunButton1') &&","            document.querySelector('#testRunButton1').click());","        break;","","","","    // run node js-env code - init-after","    /* istanbul ignore next */","    case 'node':","        local.testCase_buildApidoc_default = local.testCase_buildApidoc_default || function (","            options,","            onError","        ) {","        /*","         * this function will test buildApidoc's default handling-behavior-behavior","         */","            options = { modulePathList: module.paths };","            local.buildApidoc(options, onError);","        };","","        local.testCase_buildApp_default = local.testCase_buildApp_default || function (","            options,","            onError","        ) {","        /*","         * this function will test buildApp's default handling-behavior-behavior","         */","            local.testCase_buildReadme_default(options, local.onErrorThrow);","            local.testCase_buildLib_default(options, local.onErrorThrow);","            local.testCase_buildTest_default(options, local.onErrorThrow);","            local.testCase_buildCustomOrg_default(options, local.onErrorThrow);","            options = [];","            local.buildApp(options, onError);","        };","","        local.testCase_buildCustomOrg_default = local.testCase_buildCustomOrg_default ||","            function (options, onError) {","            /*","             * this function will test buildCustomOrg's default handling-behavior","             */","                options = {};","                local.buildCustomOrg(options, onError);","            };","","        local.testCase_buildLib_default = local.testCase_buildLib_default || function (","            options,","            onError","        ) {","        /*","         * this function will test buildLib's default handling-behavior","         */","            options = {};","            local.buildLib(options, onError);","        };","","        local.testCase_buildReadme_default = local.testCase_buildReadme_default || function (","            options,","            onError","        ) {","        /*","         * this function will test buildReadme's default handling-behavior-behavior","         */","            options = {};","            local.buildReadme(options, onError);","        };","","        local.testCase_buildTest_default = local.testCase_buildTest_default || function (","            options,","            onError","        ) {","        /*","         * this function will test buildTest's default handling-behavior","         */","            options = {};","            local.buildTest(options, onError);","        };","","        local.testCase_webpage_default = local.testCase_webpage_default || function (","            options,","            onError","        ) {","        /*","         * this function will test webpage's default handling-behavior","         */","            options = { modeCoverageMerge: true, url: local.serverLocalHost + '?modeTest=1' };","            local.browserTest(options, onError);","        };","","        // run test-server","        local.testRunServer(local);","        break;","    }","}());",""],"l":{"12":2,"14":2,"19":2,"21":2,"23":2,"24":2,"25":2,"30":1,"37":2,"40":2,"43":1,"47":1,"50":1,"52":1,"55":2,"61":2,"62":2,"64":2,"70":1,"76":1,"82":2,"83":2,"85":2,"91":1,"98":1,"102":1,"105":1,"112":1,"119":1,"120":1,"123":1,"130":1,"131":1,"132":1,"133":1,"134":1,"135":1,"138":1,"143":2,"144":2,"147":1,"154":2,"155":2,"158":1,"165":2,"166":2,"169":1,"176":2,"177":2,"180":1,"187":1,"188":1,"192":1,"193":1}},"/home/travis/build/npmtest/node-npmtest-google-auth-library/lib.npmtest_google_auth_library.js":{"path":"/home/travis/build/npmtest/node-npmtest-google-auth-library/lib.npmtest_google_auth_library.js","s":{"1":2,"2":2,"3":2,"4":2,"5":2,"6":2,"7":2,"8":1,"9":2,"10":2,"11":2,"12":2,"13":1,"14":1,"15":1,"16":1},"b":{"1":[2,1,1,1],"2":[1,1,1,1],"3":[1,1],"4":[2,2],"5":[1,1]},"f":{"1":2,"2":2,"3":2},"fnMap":{"1":{"name":"(anonymous_1)","line":12,"loc":{"start":{"line":12,"column":1},"end":{"line":12,"column":13}}},"2":{"name":"(anonymous_2)","line":19,"loc":{"start":{"line":19,"column":5},"end":{"line":19,"column":17}}},"3":{"name":"(anonymous_3)","line":23,"loc":{"start":{"line":23,"column":24},"end":{"line":23,"column":36}}}},"statementMap":{"1":{"start":{"line":12,"column":0},"end":{"line":53,"column":5}},"2":{"start":{"line":14,"column":4},"end":{"line":14,"column":14}},"3":{"start":{"line":19,"column":4},"end":{"line":52,"column":9}},"4":{"start":{"line":21,"column":8},"end":{"line":21,"column":19}},"5":{"start":{"line":23,"column":8},"end":{"line":35,"column":13}},"6":{"start":{"line":24,"column":12},"end":{"line":34,"column":13}},"7":{"start":{"line":25,"column":16},"end":{"line":28,"column":30}},"8":{"start":{"line":30,"column":16},"end":{"line":33,"column":27}},"9":{"start":{"line":37,"column":8},"end":{"line":39,"column":21}},"10":{"start":{"line":41,"column":8},"end":{"line":41,"column":54}},"11":{"start":{"line":43,"column":8},"end":{"line":43,"column":64}},"12":{"start":{"line":45,"column":8},"end":{"line":51,"column":9}},"13":{"start":{"line":46,"column":12},"end":{"line":46,"column":70}},"14":{"start":{"line":48,"column":12},"end":{"line":48,"column":35}},"15":{"start":{"line":49,"column":12},"end":{"line":49,"column":49}},"16":{"start":{"line":50,"column":12},"end":{"line":50,"column":43}}},"branchMap":{"1":{"line":25,"type":"binary-expr","locations":[{"start":{"line":25,"column":23},"end":{"line":25,"column":62}},{"start":{"line":26,"column":20},"end":{"line":26,"column":70}},{"start":{"line":27,"column":20},"end":{"line":27,"column":71}},{"start":{"line":28,"column":20},"end":{"line":28,"column":29}}]},"2":{"line":30,"type":"binary-expr","locations":[{"start":{"line":30,"column":23},"end":{"line":30,"column":37}},{"start":{"line":31,"column":20},"end":{"line":31,"column":61}},{"start":{"line":32,"column":20},"end":{"line":32,"column":70}},{"start":{"line":33,"column":20},"end":{"line":33,"column":26}}]},"3":{"line":37,"type":"cond-expr","locations":[{"start":{"line":38,"column":14},"end":{"line":38,"column":20}},{"start":{"line":39,"column":14},"end":{"line":39,"column":20}}]},"4":{"line":41,"type":"binary-expr","locations":[{"start":{"line":41,"column":16},"end":{"line":41,"column":44}},{"start":{"line":41,"column":48},"end":{"line":41,"column":53}}]},"5":{"line":45,"type":"if","locations":[{"start":{"line":45,"column":8},"end":{"line":45,"column":8}},{"start":{"line":45,"column":8},"end":{"line":45,"column":8}}]}},"code":["/* istanbul instrument in package npmtest_google_auth_library */","/*jslint","    bitwise: true,","    browser: true,","    maxerr: 8,","    maxlen: 96,","    node: true,","    nomen: true,","    regexp: true,","    stupid: true","*/","(function () {","    'use strict';","    var local;","","","","    // run shared js-env code - init-before","    (function () {","        // init local","        local = {};","        // init modeJs","        local.modeJs = (function () {","            try {","                return typeof navigator.userAgent === 'string' &&","                    typeof document.querySelector('body') === 'object' &&","                    typeof XMLHttpRequest.prototype.open === 'function' &&","                    'browser';","            } catch (errorCaughtBrowser) {","                return module.exports &&","                    typeof process.versions.node === 'string' &&","                    typeof require('http').createServer === 'function' &&","                    'node';","            }","        }());","        // init global","        local.global = local.modeJs === 'browser'","            ? window","            : global;","        // init utility2_rollup","        local = local.global.utility2_rollup || local;","        // init lib","        local.local = local.npmtest_google_auth_library = local;","        // init exports","        if (local.modeJs === 'browser') {","            local.global.utility2_npmtest_google_auth_library = local;","        } else {","            module.exports = local;","            module.exports.__dirname = __dirname;","            module.exports.module = module;","        }","    }());","}());",""],"l":{"12":2,"14":2,"19":2,"21":2,"23":2,"24":2,"25":2,"30":1,"37":2,"41":2,"43":2,"45":2,"46":1,"48":1,"49":1,"50":1}},"/home/travis/build/npmtest/node-npmtest-google-auth-library/example.js":{"path":"/home/travis/build/npmtest/node-npmtest-google-auth-library/example.js","s":{"1":2,"2":2,"3":2,"4":2,"5":2,"6":2,"7":2,"8":1,"9":2,"10":2,"11":2,"12":2,"13":1,"14":2,"15":2,"16":2,"17":2,"18":2,"19":0,"20":2,"21":1,"22":1,"23":1,"24":1,"25":1,"26":0,"27":0,"28":1,"29":1,"30":2,"31":0,"32":0,"33":0,"34":1,"35":2,"36":2,"37":3,"38":3,"39":3,"40":3,"41":0,"42":3,"43":3,"44":3,"45":1,"46":3,"47":1,"48":1,"49":1,"50":1,"51":1,"52":1,"53":1,"54":1,"55":1,"56":1,"57":0,"58":1,"59":6,"60":6,"61":1,"62":2,"63":0,"64":2,"65":1,"66":1,"67":0,"68":0,"69":0,"70":0,"71":0,"72":0,"73":0,"74":0,"75":0,"76":0,"77":0,"78":0,"79":0,"80":0,"81":0,"82":0,"83":0},"b":{"1":[2,1,1,1],"2":[1,1,1,1],"3":[1,1],"4":[2,2],"5":[1,1],"6":[1,1],"7":[2,0],"8":[2,1,1,1,1,1],"9":[0,2,0],"10":[1,1],"11":[2,1,1],"12":[1,0],"13":[0,2],"14":[2,0,0,0,0,0,0],"15":[0,3],"16":[3,0],"17":[1,1],"18":[0,1],"19":[1,2,0,2],"20":[1,0],"21":[1,1],"22":[0,0],"23":[0,0],"24":[0,0],"25":[0,0],"26":[0,0],"27":[0,0],"28":[0,0]},"f":{"1":2,"2":2,"3":2,"4":2,"5":2,"6":2,"7":3,"8":3,"9":3,"10":1,"11":6,"12":0},"fnMap":{"1":{"name":"(anonymous_1)","line":26,"loc":{"start":{"line":26,"column":1},"end":{"line":26,"column":13}}},"2":{"name":"(anonymous_2)","line":33,"loc":{"start":{"line":33,"column":5},"end":{"line":33,"column":17}}},"3":{"name":"(anonymous_3)","line":37,"loc":{"start":{"line":37,"column":24},"end":{"line":37,"column":36}}},"4":{"name":"(anonymous_4)","line":69,"loc":{"start":{"line":69,"column":31},"end":{"line":69,"column":48}},"skip":true},"5":{"name":"(anonymous_5)","line":78,"loc":{"start":{"line":78,"column":26},"end":{"line":78,"column":45}},"skip":true},"6":{"name":"(anonymous_6)","line":123,"loc":{"start":{"line":123,"column":33},"end":{"line":123,"column":48}},"skip":true},"7":{"name":"(anonymous_7)","line":125,"loc":{"start":{"line":125,"column":27},"end":{"line":125,"column":39}},"skip":true},"8":{"name":"(anonymous_8)","line":133,"loc":{"start":{"line":133,"column":59},"end":{"line":133,"column":74}},"skip":true},"9":{"name":"(anonymous_9)","line":143,"loc":{"start":{"line":143,"column":45},"end":{"line":143,"column":62}},"skip":true},"10":{"name":"(anonymous_10)","line":144,"loc":{"start":{"line":144,"column":73},"end":{"line":144,"column":92}},"skip":true},"11":{"name":"(anonymous_11)","line":272,"loc":{"start":{"line":272,"column":51},"end":{"line":272,"column":77}},"skip":true},"12":{"name":"(anonymous_12)","line":315,"loc":{"start":{"line":315,"column":32},"end":{"line":315,"column":61}},"skip":true}},"statementMap":{"1":{"start":{"line":26,"column":0},"end":{"line":326,"column":5}},"2":{"start":{"line":28,"column":4},"end":{"line":28,"column":14}},"3":{"start":{"line":33,"column":4},"end":{"line":60,"column":9}},"4":{"start":{"line":35,"column":8},"end":{"line":35,"column":19}},"5":{"start":{"line":37,"column":8},"end":{"line":49,"column":13}},"6":{"start":{"line":38,"column":12},"end":{"line":48,"column":13}},"7":{"start":{"line":39,"column":16},"end":{"line":42,"column":30}},"8":{"start":{"line":44,"column":16},"end":{"line":47,"column":27}},"9":{"start":{"line":51,"column":8},"end":{"line":53,"column":21}},"10":{"start":{"line":55,"column":8},"end":{"line":57,"column":45}},"11":{"start":{"line":59,"column":8},"end":{"line":59,"column":35}},"12":{"start":{"line":61,"column":4},"end":{"line":325,"column":5}},"13":{"start":{"line":69,"column":8},"end":{"line":121,"column":10},"skip":true},"14":{"start":{"line":70,"column":12},"end":{"line":88,"column":13},"skip":true},"15":{"start":{"line":76,"column":16},"end":{"line":87,"column":19},"skip":true},"16":{"start":{"line":79,"column":20},"end":{"line":86,"column":21},"skip":true},"17":{"start":{"line":82,"column":24},"end":{"line":82,"column":43},"skip":true},"18":{"start":{"line":83,"column":24},"end":{"line":83,"column":30},"skip":true},"19":{"start":{"line":85,"column":24},"end":{"line":85,"column":49},"skip":true},"20":{"start":{"line":89,"column":12},"end":{"line":107,"column":13},"skip":true},"21":{"start":{"line":92,"column":16},"end":{"line":102,"column":17},"skip":true},"22":{"start":{"line":93,"column":20},"end":{"line":93,"column":86},"skip":true},"23":{"start":{"line":94,"column":20},"end":{"line":95,"column":45},"skip":true},"24":{"start":{"line":96,"column":20},"end":{"line":96,"column":42},"skip":true},"25":{"start":{"line":97,"column":20},"end":{"line":97,"column":48},"skip":true},"26":{"start":{"line":100,"column":20},"end":{"line":100,"column":85},"skip":true},"27":{"start":{"line":101,"column":20},"end":{"line":101,"column":96},"skip":true},"28":{"start":{"line":103,"column":16},"end":{"line":103,"column":22},"skip":true},"29":{"start":{"line":106,"column":16},"end":{"line":106,"column":22},"skip":true},"30":{"start":{"line":108,"column":12},"end":{"line":120,"column":13},"skip":true},"31":{"start":{"line":114,"column":16},"end":{"line":119,"column":17},"skip":true},"32":{"start":{"line":116,"column":20},"end":{"line":116,"column":78},"skip":true},"33":{"start":{"line":118,"column":20},"end":{"line":118,"column":47},"skip":true},"34":{"start":{"line":123,"column":8},"end":{"line":141,"column":11},"skip":true},"35":{"start":{"line":124,"column":12},"end":{"line":124,"column":54},"skip":true},"36":{"start":{"line":125,"column":12},"end":{"line":140,"column":14},"skip":true},"37":{"start":{"line":126,"column":16},"end":{"line":126,"column":28},"skip":true},"38":{"start":{"line":127,"column":16},"end":{"line":127,"column":69},"skip":true},"39":{"start":{"line":128,"column":16},"end":{"line":128,"column":75},"skip":true},"40":{"start":{"line":129,"column":16},"end":{"line":131,"column":17},"skip":true},"41":{"start":{"line":130,"column":20},"end":{"line":130,"column":27},"skip":true},"42":{"start":{"line":133,"column":16},"end":{"line":137,"column":36},"skip":true},"43":{"start":{"line":134,"column":20},"end":{"line":136,"column":55},"skip":true},"44":{"start":{"line":139,"column":16},"end":{"line":139,"column":57},"skip":true},"45":{"start":{"line":143,"column":8},"end":{"line":147,"column":11},"skip":true},"46":{"start":{"line":144,"column":12},"end":{"line":146,"column":15},"skip":true},"47":{"start":{"line":145,"column":16},"end":{"line":145,"column":70},"skip":true},"48":{"start":{"line":149,"column":8},"end":{"line":149,"column":31},"skip":true},"49":{"start":{"line":150,"column":8},"end":{"line":150,"column":14},"skip":true},"50":{"start":{"line":158,"column":8},"end":{"line":158,"column":31},"skip":true},"51":{"start":{"line":160,"column":8},"end":{"line":160,"column":33},"skip":true},"52":{"start":{"line":161,"column":8},"end":{"line":161,"column":37},"skip":true},"53":{"start":{"line":162,"column":8},"end":{"line":162,"column":35},"skip":true},"54":{"start":{"line":164,"column":8},"end":{"line":164,"column":50},"skip":true},"55":{"start":{"line":166,"column":8},"end":{"line":256,"column":2},"skip":true},"56":{"start":{"line":258,"column":8},"end":{"line":286,"column":9},"skip":true},"57":{"start":{"line":259,"column":12},"end":{"line":269,"column":14},"skip":true},"58":{"start":{"line":271,"column":12},"end":{"line":285,"column":19},"skip":true},"59":{"start":{"line":274,"column":20},"end":{"line":274,"column":35},"skip":true},"60":{"start":{"line":275,"column":20},"end":{"line":284,"column":21},"skip":true},"61":{"start":{"line":277,"column":24},"end":{"line":277,"column":64},"skip":true},"62":{"start":{"line":279,"column":24},"end":{"line":279,"column":40},"skip":true},"63":{"start":{"line":281,"column":24},"end":{"line":281,"column":40},"skip":true},"64":{"start":{"line":283,"column":24},"end":{"line":283,"column":39},"skip":true},"65":{"start":{"line":288,"column":8},"end":{"line":290,"column":9},"skip":true},"66":{"start":{"line":289,"column":12},"end":{"line":289,"column":18},"skip":true},"67":{"start":{"line":291,"column":8},"end":{"line":293,"column":54},"skip":true},"68":{"start":{"line":296,"column":8},"end":{"line":301,"column":37},"skip":true},"69":{"start":{"line":303,"column":8},"end":{"line":303,"column":82},"skip":true},"70":{"start":{"line":306,"column":8},"end":{"line":308,"column":9},"skip":true},"71":{"start":{"line":307,"column":12},"end":{"line":307,"column":82},"skip":true},"72":{"start":{"line":310,"column":8},"end":{"line":312,"column":9},"skip":true},"73":{"start":{"line":311,"column":12},"end":{"line":311,"column":18},"skip":true},"74":{"start":{"line":313,"column":8},"end":{"line":313,"column":54},"skip":true},"75":{"start":{"line":314,"column":8},"end":{"line":314,"column":69},"skip":true},"76":{"start":{"line":315,"column":8},"end":{"line":323,"column":36},"skip":true},"77":{"start":{"line":316,"column":12},"end":{"line":316,"column":61},"skip":true},"78":{"start":{"line":317,"column":12},"end":{"line":320,"column":13},"skip":true},"79":{"start":{"line":318,"column":16},"end":{"line":318,"column":75},"skip":true},"80":{"start":{"line":319,"column":16},"end":{"line":319,"column":23},"skip":true},"81":{"start":{"line":321,"column":12},"end":{"line":321,"column":38},"skip":true},"82":{"start":{"line":322,"column":12},"end":{"line":322,"column":27},"skip":true},"83":{"start":{"line":324,"column":8},"end":{"line":324,"column":14},"skip":true}},"branchMap":{"1":{"line":39,"type":"binary-expr","locations":[{"start":{"line":39,"column":23},"end":{"line":39,"column":62}},{"start":{"line":40,"column":20},"end":{"line":40,"column":70}},{"start":{"line":41,"column":20},"end":{"line":41,"column":71}},{"start":{"line":42,"column":20},"end":{"line":42,"column":29}}]},"2":{"line":44,"type":"binary-expr","locations":[{"start":{"line":44,"column":23},"end":{"line":44,"column":37}},{"start":{"line":45,"column":20},"end":{"line":45,"column":61}},{"start":{"line":46,"column":20},"end":{"line":46,"column":70}},{"start":{"line":47,"column":20},"end":{"line":47,"column":26}}]},"3":{"line":51,"type":"cond-expr","locations":[{"start":{"line":52,"column":14},"end":{"line":52,"column":20}},{"start":{"line":53,"column":14},"end":{"line":53,"column":20}}]},"4":{"line":55,"type":"binary-expr","locations":[{"start":{"line":55,"column":16},"end":{"line":55,"column":44}},{"start":{"line":55,"column":49},"end":{"line":57,"column":43}}]},"5":{"line":55,"type":"cond-expr","locations":[{"start":{"line":56,"column":14},"end":{"line":56,"column":63}},{"start":{"line":57,"column":14},"end":{"line":57,"column":43}}]},"6":{"line":61,"type":"switch","locations":[{"start":{"line":68,"column":4},"end":{"line":150,"column":14},"skip":true},{"start":{"line":156,"column":4},"end":{"line":324,"column":14},"skip":true}]},"7":{"line":70,"type":"if","locations":[{"start":{"line":70,"column":12},"end":{"line":70,"column":12},"skip":true},{"start":{"line":70,"column":12},"end":{"line":70,"column":12},"skip":true}]},"8":{"line":70,"type":"binary-expr","locations":[{"start":{"line":70,"column":16},"end":{"line":70,"column":22},"skip":true},{"start":{"line":70,"column":27},"end":{"line":70,"column":32},"skip":true},{"start":{"line":71,"column":20},"end":{"line":71,"column":39},"skip":true},{"start":{"line":72,"column":20},"end":{"line":72,"column":49},"skip":true},{"start":{"line":73,"column":20},"end":{"line":73,"column":58},"skip":true},{"start":{"line":74,"column":20},"end":{"line":74,"column":69},"skip":true}]},"9":{"line":79,"type":"switch","locations":[{"start":{"line":80,"column":20},"end":{"line":80,"column":33},"skip":true},{"start":{"line":81,"column":20},"end":{"line":83,"column":30},"skip":true},{"start":{"line":84,"column":20},"end":{"line":85,"column":49},"skip":true}]},"10":{"line":89,"type":"switch","locations":[{"start":{"line":90,"column":12},"end":{"line":103,"column":22},"skip":true},{"start":{"line":105,"column":12},"end":{"line":106,"column":22},"skip":true}]},"11":{"line":89,"type":"binary-expr","locations":[{"start":{"line":89,"column":20},"end":{"line":89,"column":25},"skip":true},{"start":{"line":89,"column":29},"end":{"line":89,"column":48},"skip":true},{"start":{"line":89,"column":52},"end":{"line":89,"column":74},"skip":true}]},"12":{"line":92,"type":"if","locations":[{"start":{"line":92,"column":16},"end":{"line":92,"column":16},"skip":true},{"start":{"line":92,"column":16},"end":{"line":92,"column":16},"skip":true}]},"13":{"line":108,"type":"if","locations":[{"start":{"line":108,"column":12},"end":{"line":108,"column":12},"skip":true},{"start":{"line":108,"column":12},"end":{"line":108,"column":12},"skip":true}]},"14":{"line":108,"type":"binary-expr","locations":[{"start":{"line":108,"column":16},"end":{"line":108,"column":61},"skip":true},{"start":{"line":108,"column":66},"end":{"line":108,"column":72},"skip":true},{"start":{"line":108,"column":77},"end":{"line":108,"column":82},"skip":true},{"start":{"line":109,"column":20},"end":{"line":109,"column":39},"skip":true},{"start":{"line":110,"column":20},"end":{"line":110,"column":49},"skip":true},{"start":{"line":111,"column":20},"end":{"line":111,"column":58},"skip":true},{"start":{"line":112,"column":20},"end":{"line":112,"column":68},"skip":true}]},"15":{"line":129,"type":"if","locations":[{"start":{"line":129,"column":16},"end":{"line":129,"column":16},"skip":true},{"start":{"line":129,"column":16},"end":{"line":129,"column":16},"skip":true}]},"16":{"line":134,"type":"cond-expr","locations":[{"start":{"line":135,"column":26},"end":{"line":135,"column":29},"skip":true},{"start":{"line":136,"column":26},"end":{"line":136,"column":54},"skip":true}]},"17":{"line":164,"type":"binary-expr","locations":[{"start":{"line":164,"column":27},"end":{"line":164,"column":43},"skip":true},{"start":{"line":164,"column":47},"end":{"line":164,"column":49},"skip":true}]},"18":{"line":258,"type":"if","locations":[{"start":{"line":258,"column":8},"end":{"line":258,"column":8},"skip":true},{"start":{"line":258,"column":8},"end":{"line":258,"column":8},"skip":true}]},"19":{"line":275,"type":"switch","locations":[{"start":{"line":276,"column":20},"end":{"line":277,"column":64},"skip":true},{"start":{"line":278,"column":20},"end":{"line":279,"column":40},"skip":true},{"start":{"line":280,"column":20},"end":{"line":281,"column":40},"skip":true},{"start":{"line":282,"column":20},"end":{"line":283,"column":39},"skip":true}]},"20":{"line":288,"type":"if","locations":[{"start":{"line":288,"column":8},"end":{"line":288,"column":8},"skip":true},{"start":{"line":288,"column":8},"end":{"line":288,"column":8},"skip":true}]},"21":{"line":288,"type":"binary-expr","locations":[{"start":{"line":288,"column":12},"end":{"line":288,"column":40},"skip":true},{"start":{"line":288,"column":44},"end":{"line":288,"column":67},"skip":true}]},"22":{"line":292,"type":"binary-expr","locations":[{"start":{"line":292,"column":12},"end":{"line":292,"column":50},"skip":true},{"start":{"line":293,"column":12},"end":{"line":293,"column":53},"skip":true}]},"23":{"line":297,"type":"binary-expr","locations":[{"start":{"line":297,"column":12},"end":{"line":297,"column":77},"skip":true},{"start":{"line":298,"column":12},"end":{"line":301,"column":36},"skip":true}]},"24":{"line":303,"type":"binary-expr","locations":[{"start":{"line":303,"column":43},"end":{"line":303,"column":75},"skip":true},{"start":{"line":303,"column":79},"end":{"line":303,"column":81},"skip":true}]},"25":{"line":306,"type":"if","locations":[{"start":{"line":306,"column":8},"end":{"line":306,"column":8},"skip":true},{"start":{"line":306,"column":8},"end":{"line":306,"column":8},"skip":true}]},"26":{"line":310,"type":"if","locations":[{"start":{"line":310,"column":8},"end":{"line":310,"column":8},"skip":true},{"start":{"line":310,"column":8},"end":{"line":310,"column":8},"skip":true}]},"27":{"line":313,"type":"binary-expr","locations":[{"start":{"line":313,"column":27},"end":{"line":313,"column":43},"skip":true},{"start":{"line":313,"column":47},"end":{"line":313,"column":53},"skip":true}]},"28":{"line":317,"type":"if","locations":[{"start":{"line":317,"column":12},"end":{"line":317,"column":12},"skip":true},{"start":{"line":317,"column":12},"end":{"line":317,"column":12},"skip":true}]}},"code":["/*","example.js","","quickstart example","","instruction","    1. save this script as example.js","    2. run the shell command:","        $ npm install npmtest-google-auth-library && PORT=8081 node example.js","    3. play with the browser-demo on http://127.0.0.1:8081","*/","","","","/* istanbul instrument in package npmtest_google_auth_library */","/*jslint","    bitwise: true,","    browser: true,","    maxerr: 8,","    maxlen: 96,","    node: true,","    nomen: true,","    regexp: true,","    stupid: true","*/","(function () {","    'use strict';","    var local;","","","","    // run shared js-env code - init-before","    (function () {","        // init local","        local = {};","        // init modeJs","        local.modeJs = (function () {","            try {","                return typeof navigator.userAgent === 'string' &&","                    typeof document.querySelector('body') === 'object' &&","                    typeof XMLHttpRequest.prototype.open === 'function' &&","                    'browser';","            } catch (errorCaughtBrowser) {","                return module.exports &&","                    typeof process.versions.node === 'string' &&","                    typeof require('http').createServer === 'function' &&","                    'node';","            }","        }());","        // init global","        local.global = local.modeJs === 'browser'","            ? window","            : global;","        // init utility2_rollup","        local = local.global.utility2_rollup || (local.modeJs === 'browser'","            ? local.global.utility2_npmtest_google_auth_library","            : global.utility2_moduleExports);","        // export local","        local.global.local = local;","    }());","    switch (local.modeJs) {","","","","    // init-after","    // run browser js-env code - init-after","    /* istanbul ignore next */","    case 'browser':","        local.testRunBrowser = function (event) {","            if (!event || (event &&","                    event.currentTarget &&","                    event.currentTarget.className &&","                    event.currentTarget.className.includes &&","                    event.currentTarget.className.includes('onreset'))) {","                // reset output","                Array.from(","                    document.querySelectorAll('body > .resettable')","                ).forEach(function (element) {","                    switch (element.tagName) {","                    case 'INPUT':","                    case 'TEXTAREA':","                        element.value = '';","                        break;","                    default:","                        element.textContent = '';","                    }","                });","            }","            switch (event && event.currentTarget && event.currentTarget.id) {","            case 'testRunButton1':","                // show tests","                if (document.querySelector('#testReportDiv1').style.display === 'none') {","                    document.querySelector('#testReportDiv1').style.display = 'block';","                    document.querySelector('#testRunButton1').textContent =","                        'hide internal test';","                    local.modeTest = true;","                    local.testRunDefault(local);","                // hide tests","                } else {","                    document.querySelector('#testReportDiv1').style.display = 'none';","                    document.querySelector('#testRunButton1').textContent = 'run internal test';","                }","                break;","            // custom-case","            default:","                break;","            }","            if (document.querySelector('#inputTextareaEval1') && (!event || (event &&","                    event.currentTarget &&","                    event.currentTarget.className &&","                    event.currentTarget.className.includes &&","                    event.currentTarget.className.includes('oneval')))) {","                // try to eval input-code","                try {","                    /*jslint evil: true*/","                    eval(document.querySelector('#inputTextareaEval1').value);","                } catch (errorCaught) {","                    console.error(errorCaught);","                }","            }","        };","        // log stderr and stdout to #outputTextareaStdout1","        ['error', 'log'].forEach(function (key) {","            console[key + '_original'] = console[key];","            console[key] = function () {","                var element;","                console[key + '_original'].apply(console, arguments);","                element = document.querySelector('#outputTextareaStdout1');","                if (!element) {","                    return;","                }","                // append text to #outputTextareaStdout1","                element.value += Array.from(arguments).map(function (arg) {","                    return typeof arg === 'string'","                        ? arg","                        : JSON.stringify(arg, null, 4);","                }).join(' ') + '\\n';","                // scroll textarea to bottom","                element.scrollTop = element.scrollHeight;","            };","        });","        // init event-handling","        ['change', 'click', 'keyup'].forEach(function (event) {","            Array.from(document.querySelectorAll('.on' + event)).forEach(function (element) {","                element.addEventListener(event, local.testRunBrowser);","            });","        });","        // run tests","        local.testRunBrowser();","        break;","","","","    // run node js-env code - init-after","    /* istanbul ignore next */","    case 'node':","        // export local","        module.exports = local;","        // require modules","        local.fs = require('fs');","        local.http = require('http');","        local.url = require('url');","        // init assets","        local.assetsDict = local.assetsDict || {};","        /* jslint-ignore-begin */","        local.assetsDict['/assets.index.template.html'] = '\\","<!doctype html>\\n\\","<html lang=\"en\">\\n\\","<head>\\n\\","<meta charset=\"UTF-8\">\\n\\","<meta name=\"viewport\" content=\"width=device-width, initial-scale=1\">\\n\\","<title>{{env.npm_package_name}} (v{{env.npm_package_version}})</title>\\n\\","<style>\\n\\","/*csslint\\n\\","    box-sizing: false,\\n\\","    universal-selector: false\\n\\","*/\\n\\","* {\\n\\","    box-sizing: border-box;\\n\\","}\\n\\","body {\\n\\","    background: #dde;\\n\\","    font-family: Arial, Helvetica, sans-serif;\\n\\","    margin: 2rem;\\n\\","}\\n\\","body > * {\\n\\","    margin-bottom: 1rem;\\n\\","}\\n\\",".utility2FooterDiv {\\n\\","    margin-top: 20px;\\n\\","    text-align: center;\\n\\","}\\n\\","</style>\\n\\","<style>\\n\\","/*csslint\\n\\","*/\\n\\","textarea {\\n\\","    font-family: monospace;\\n\\","    height: 10rem;\\n\\","    width: 100%;\\n\\","}\\n\\","textarea[readonly] {\\n\\","    background: #ddd;\\n\\","}\\n\\","</style>\\n\\","</head>\\n\\","<body>\\n\\","<!-- utility2-comment\\n\\","<div id=\"ajaxProgressDiv1\" style=\"background: #d00; height: 2px; left: 0; margin: 0; padding: 0; position: fixed; top: 0; transition: background 0.5s, width 1.5s; width: 25%;\"></div>\\n\\","utility2-comment -->\\n\\","<h1>\\n\\","<!-- utility2-comment\\n\\","    <a\\n\\","        {{#if env.npm_package_homepage}}\\n\\","        href=\"{{env.npm_package_homepage}}\"\\n\\","        {{/if env.npm_package_homepage}}\\n\\","        target=\"_blank\"\\n\\","    >\\n\\","utility2-comment -->\\n\\","        {{env.npm_package_name}} (v{{env.npm_package_version}})\\n\\","<!-- utility2-comment\\n\\","    </a>\\n\\","utility2-comment -->\\n\\","</h1>\\n\\","<h3>{{env.npm_package_description}}</h3>\\n\\","<!-- utility2-comment\\n\\","<h4><a download href=\"assets.app.js\">download standalone app</a></h4>\\n\\","<button class=\"onclick onreset\" id=\"testRunButton1\">run internal test</button><br>\\n\\","<div id=\"testReportDiv1\" style=\"display: none;\"></div>\\n\\","utility2-comment -->\\n\\","\\n\\","\\n\\","\\n\\","<label>stderr and stdout</label>\\n\\","<textarea class=\"resettable\" id=\"outputTextareaStdout1\" readonly></textarea>\\n\\","<!-- utility2-comment\\n\\","{{#if isRollup}}\\n\\","<script src=\"assets.app.js\"></script>\\n\\","{{#unless isRollup}}\\n\\","utility2-comment -->\\n\\","<script src=\"assets.utility2.rollup.js\"></script>\\n\\","<script src=\"jsonp.utility2._stateInit?callback=window.utility2._stateInit\"></script>\\n\\","<script src=\"assets.npmtest_google_auth_library.rollup.js\"></script>\\n\\","<script src=\"assets.example.js\"></script>\\n\\","<script src=\"assets.test.js\"></script>\\n\\","<!-- utility2-comment\\n\\","{{/if isRollup}}\\n\\","utility2-comment -->\\n\\","<div class=\"utility2FooterDiv\">\\n\\","    [ this app was created with\\n\\","    <a href=\"https://github.com/kaizhu256/node-utility2\" target=\"_blank\">utility2</a>\\n\\","    ]\\n\\","</div>\\n\\","</body>\\n\\","</html>\\n\\","';","        /* jslint-ignore-end */","        if (local.templateRender) {","            local.assetsDict['/'] = local.templateRender(","                local.assetsDict['/assets.index.template.html'],","                {","                    env: local.objectSetDefault(local.env, {","                        npm_package_description: 'the greatest app in the world!',","                        npm_package_name: 'my-app',","                        npm_package_nameAlias: 'my_app',","                        npm_package_version: '0.0.1'","                    })","                }","            );","        } else {","            local.assetsDict['/'] = local.assetsDict['/assets.index.template.html']","                .replace((/\\{\\{env\\.(\\w+?)\\}\\}/g), function (match0, match1) {","                    // jslint-hack","                    String(match0);","                    switch (match1) {","                    case 'npm_package_description':","                        return 'the greatest app in the world!';","                    case 'npm_package_name':","                        return 'my-app';","                    case 'npm_package_nameAlias':","                        return 'my_app';","                    case 'npm_package_version':","                        return '0.0.1';","                    }","                });","        }","        // run the cli","        if (local.global.utility2_rollup || module !== require.main) {","            break;","        }","        local.assetsDict['/assets.example.js'] =","            local.assetsDict['/assets.example.js'] ||","            local.fs.readFileSync(__filename, 'utf8');","        // bug-workaround - long $npm_package_buildCustomOrg","        /* jslint-ignore-begin */","        local.assetsDict['/assets.npmtest_google_auth_library.rollup.js'] =","            local.assetsDict['/assets.npmtest_google_auth_library.rollup.js'] ||","            local.fs.readFileSync(","                local.npmtest_google_auth_library.__dirname + '/lib.npmtest_google_auth_library.js',","                'utf8'","            ).replace((/^#!/), '//');","        /* jslint-ignore-end */","        local.assetsDict['/favicon.ico'] = local.assetsDict['/favicon.ico'] || '';","        // if $npm_config_timeout_exit exists,","        // then exit this process after $npm_config_timeout_exit ms","        if (Number(process.env.npm_config_timeout_exit)) {","            setTimeout(process.exit, Number(process.env.npm_config_timeout_exit));","        }","        // start server","        if (local.global.utility2_serverHttp1) {","            break;","        }","        process.env.PORT = process.env.PORT || '8081';","        console.error('server starting on port ' + process.env.PORT);","        local.http.createServer(function (request, response) {","            request.urlParsed = local.url.parse(request.url);","            if (local.assetsDict[request.urlParsed.pathname] !== undefined) {","                response.end(local.assetsDict[request.urlParsed.pathname]);","                return;","            }","            response.statusCode = 404;","            response.end();","        }).listen(process.env.PORT);","        break;","    }","}());",""],"l":{"26":2,"28":2,"33":2,"35":2,"37":2,"38":2,"39":2,"44":1,"51":2,"55":2,"59":2,"61":2,"69":1,"70":2,"76":2,"79":2,"82":2,"83":2,"85":1,"89":2,"92":1,"93":1,"94":1,"96":1,"97":1,"100":1,"101":1,"103":1,"106":1,"108":2,"114":1,"116":1,"118":1,"123":1,"124":2,"125":2,"126":3,"127":3,"128":3,"129":3,"130":1,"133":3,"134":3,"139":3,"143":1,"144":3,"145":1,"149":1,"150":1,"158":1,"160":1,"161":1,"162":1,"164":1,"166":1,"258":1,"259":1,"271":1,"274":6,"275":6,"277":1,"279":2,"281":1,"283":2,"288":1,"289":1,"291":1,"296":1,"303":1,"306":1,"307":1,"310":1,"311":1,"313":1,"314":1,"315":1,"316":1,"317":1,"318":1,"319":1,"321":1,"322":1,"324":1}},"/home/travis/build/npmtest/node-npmtest-google-auth-library/node_modules/google-auth-library/lib/auth/googleauth.js":{"path":"/home/travis/build/npmtest/node-npmtest-google-auth-library/node_modules/google-auth-library/lib/auth/googleauth.js","s":{"1":2,"2":0,"3":0,"4":0,"5":0,"6":0,"7":0,"8":0,"9":1,"10":0,"11":0,"12":0,"13":1,"14":0,"15":0,"16":1,"17":0,"18":0,"19":0,"20":0,"21":0,"22":0,"23":0,"24":0,"25":0,"26":0,"27":0,"28":0,"29":0,"30":0,"31":0,"32":0,"33":0,"34":0,"35":0,"36":0,"37":0,"38":0,"39":0,"40":0,"41":0,"42":0,"43":0,"44":0,"45":0,"46":0,"47":0,"48":0,"49":0,"50":0,"51":0,"52":0,"53":0,"54":0,"55":0,"56":0,"57":0,"58":0,"59":0,"60":0,"61":0,"62":0,"63":0,"64":0,"65":0,"66":0,"67":0,"68":0,"69":0,"70":0,"71":0,"72":0,"73":0,"74":0,"75":0,"76":0,"77":0,"78":0,"79":0,"80":0,"81":0,"82":0,"83":0,"84":0,"85":0,"86":0,"87":0,"88":0,"89":0,"90":0,"91":0,"92":0,"93":0,"94":0,"95":0,"96":0,"97":0,"98":0,"99":0,"100":0,"101":0,"102":0,"103":0,"104":0,"105":0,"106":0,"107":0,"108":0,"109":0,"110":0,"111":0,"112":0,"113":0,"114":0,"115":0,"116":0,"117":0,"118":0,"119":0,"120":0,"121":0,"122":0,"123":0,"124":0,"125":0,"126":0,"127":0,"128":0,"129":0,"130":0,"131":0,"132":0,"133":0,"134":0,"135":0,"136":0,"137":0,"138":0,"139":0,"140":0,"141":0,"142":0,"143":0,"144":0,"145":0,"146":0,"147":0,"148":0,"149":0,"150":0,"151":0,"152":0,"153":0,"154":0,"155":0,"156":0,"157":0,"158":0,"159":0,"160":0,"161":0,"162":0,"163":0,"164":0,"165":0,"166":0,"167":0,"168":0,"169":0,"170":0,"171":0,"172":0,"173":0,"174":0,"175":0,"176":0,"177":0,"178":0,"179":0,"180":0,"181":0,"182":0,"183":0,"184":0,"185":0,"186":0,"187":0,"188":0,"189":0,"190":0,"191":0,"192":0,"193":0,"194":0,"195":0,"196":0,"197":0,"198":0,"199":0,"200":0,"201":0,"202":0,"203":0,"204":0,"205":0,"206":0,"207":0,"208":0,"209":0,"210":0,"211":0,"212":0,"213":0,"214":0,"215":0,"216":0},"b":{"1":[0,0],"2":[0,0],"3":[0,0],"4":[0,0],"5":[0,0],"6":[0,0],"7":[0,0],"8":[0,0],"9":[0,0],"10":[0,0],"11":[0,0],"12":[0,0],"13":[0,0],"14":[0,0],"15":[0,0],"16":[0,0],"17":[0,0],"18":[0,0],"19":[0,0],"20":[0,0],"21":[0,0],"22":[0,0],"23":[0,0],"24":[0,0],"25":[0,0,0,0],"26":[0,0],"27":[0,0],"28":[0,0],"29":[0,0],"30":[0,0],"31":[0,0],"32":[0,0],"33":[0,0],"34":[0,0],"35":[0,0,0],"36":[0,0],"37":[0,0],"38":[0,0],"39":[0,0],"40":[0,0],"41":[0,0],"42":[0,0],"43":[0,0],"44":[0,0],"45":[0,0],"46":[0,0],"47":[0,0],"48":[0,0],"49":[0,0],"50":[0,0],"51":[0,0],"52":[0,0],"53":[0,0],"54":[0,0],"55":[0,0],"56":[0,0]},"f":{"1":0,"2":0,"3":0,"4":0,"5":0,"6":0,"7":0,"8":0,"9":0,"10":0,"11":0,"12":0,"13":0,"14":0,"15":0,"16":0,"17":0,"18":0,"19":0,"20":0,"21":0,"22":0,"23":0,"24":0,"25":0,"26":0,"27":0,"28":0,"29":0,"30":0,"31":0,"32":0,"33":0,"34":0,"35":0,"36":0,"37":0,"38":0,"39":0,"40":0,"41":0,"42":0,"43":0,"44":0,"45":0},"fnMap":{"1":{"name":"GoogleAuth","line":33,"loc":{"start":{"line":33,"column":0},"end":{"line":33,"column":22}}},"2":{"name":"callback","line":40,"loc":{"start":{"line":40,"column":0},"end":{"line":40,"column":21}}},"3":{"name":"createError","line":48,"loc":{"start":{"line":48,"column":0},"end":{"line":48,"column":35}}},"4":{"name":"(anonymous_4)","line":109,"loc":{"start":{"line":109,"column":43},"end":{"line":109,"column":66}}},"5":{"name":"(anonymous_5)","line":123,"loc":{"start":{"line":123,"column":21},"end":{"line":123,"column":32}}},"6":{"name":"(anonymous_6)","line":127,"loc":{"start":{"line":127,"column":22},"end":{"line":127,"column":47}}},"7":{"name":"(anonymous_7)","line":131,"loc":{"start":{"line":131,"column":23},"end":{"line":131,"column":34}}},"8":{"name":"(anonymous_8)","line":142,"loc":{"start":{"line":142,"column":27},"end":{"line":142,"column":52}}},"9":{"name":"(anonymous_9)","line":149,"loc":{"start":{"line":149,"column":39},"end":{"line":149,"column":64}}},"10":{"name":"(anonymous_10)","line":167,"loc":{"start":{"line":167,"column":47},"end":{"line":167,"column":67}}},"11":{"name":"(anonymous_11)","line":170,"loc":{"start":{"line":170,"column":21},"end":{"line":170,"column":32}}},"12":{"name":"(anonymous_12)","line":182,"loc":{"start":{"line":182,"column":41},"end":{"line":182,"column":61}}},"13":{"name":"(anonymous_13)","line":186,"loc":{"start":{"line":186,"column":21},"end":{"line":186,"column":32}}},"14":{"name":"(anonymous_14)","line":193,"loc":{"start":{"line":193,"column":77},"end":{"line":193,"column":99}}},"15":{"name":"(anonymous_15)","line":211,"loc":{"start":{"line":211,"column":51},"end":{"line":211,"column":71}}},"16":{"name":"(anonymous_16)","line":212,"loc":{"start":{"line":212,"column":31},"end":{"line":212,"column":53}}},"17":{"name":"(anonymous_17)","line":231,"loc":{"start":{"line":231,"column":47},"end":{"line":231,"column":67}}},"18":{"name":"(anonymous_18)","line":248,"loc":{"start":{"line":248,"column":40},"end":{"line":248,"column":60}}},"19":{"name":"(anonymous_19)","line":258,"loc":{"start":{"line":258,"column":5},"end":{"line":258,"column":30}}},"20":{"name":"(anonymous_20)","line":272,"loc":{"start":{"line":272,"column":45},"end":{"line":272,"column":68}}},"21":{"name":"(anonymous_21)","line":277,"loc":{"start":{"line":277,"column":21},"end":{"line":277,"column":32}}},"22":{"name":"(anonymous_22)","line":283,"loc":{"start":{"line":283,"column":22},"end":{"line":283,"column":44}}},"23":{"name":"(anonymous_23)","line":286,"loc":{"start":{"line":286,"column":33},"end":{"line":286,"column":58}}},"24":{"name":"(anonymous_24)","line":287,"loc":{"start":{"line":287,"column":27},"end":{"line":287,"column":38}}},"25":{"name":"(anonymous_25)","line":293,"loc":{"start":{"line":293,"column":25},"end":{"line":293,"column":36}}},"26":{"name":"(anonymous_26)","line":310,"loc":{"start":{"line":310,"column":21},"end":{"line":310,"column":35}}},"27":{"name":"(anonymous_27)","line":329,"loc":{"start":{"line":329,"column":35},"end":{"line":329,"column":54}}},"28":{"name":"(anonymous_28)","line":341,"loc":{"start":{"line":341,"column":7},"end":{"line":341,"column":32}}},"29":{"name":"(anonymous_29)","line":358,"loc":{"start":{"line":358,"column":2},"end":{"line":358,"column":25}}},"30":{"name":"(anonymous_30)","line":365,"loc":{"start":{"line":365,"column":65},"end":{"line":365,"column":87}}},"31":{"name":"(anonymous_31)","line":385,"loc":{"start":{"line":385,"column":2},"end":{"line":385,"column":25}}},"32":{"name":"(anonymous_32)","line":426,"loc":{"start":{"line":426,"column":2},"end":{"line":426,"column":35}}},"33":{"name":"(anonymous_33)","line":468,"loc":{"start":{"line":468,"column":32},"end":{"line":468,"column":61}}},"34":{"name":"(anonymous_34)","line":481,"loc":{"start":{"line":481,"column":24},"end":{"line":481,"column":38}}},"35":{"name":"(anonymous_35)","line":495,"loc":{"start":{"line":495,"column":34},"end":{"line":495,"column":65}}},"36":{"name":"(anonymous_36)","line":498,"loc":{"start":{"line":498,"column":21},"end":{"line":498,"column":32}}},"37":{"name":"(anonymous_37)","line":506,"loc":{"start":{"line":506,"column":20},"end":{"line":506,"column":37}}},"38":{"name":"(anonymous_38)","line":509,"loc":{"start":{"line":509,"column":19},"end":{"line":509,"column":31}}},"39":{"name":"(anonymous_39)","line":523,"loc":{"start":{"line":523,"column":34},"end":{"line":523,"column":45}}},"40":{"name":"(anonymous_40)","line":537,"loc":{"start":{"line":537,"column":41},"end":{"line":537,"column":60}}},"41":{"name":"(anonymous_41)","line":545,"loc":{"start":{"line":545,"column":31},"end":{"line":545,"column":46}}},"42":{"name":"(anonymous_42)","line":553,"loc":{"start":{"line":553,"column":35},"end":{"line":553,"column":46}}},"43":{"name":"(anonymous_43)","line":561,"loc":{"start":{"line":561,"column":35},"end":{"line":561,"column":54}}},"44":{"name":"(anonymous_44)","line":569,"loc":{"start":{"line":569,"column":33},"end":{"line":569,"column":56}}},"45":{"name":"(anonymous_45)","line":577,"loc":{"start":{"line":577,"column":46},"end":{"line":577,"column":65}}}},"statementMap":{"1":{"start":{"line":19,"column":0},"end":{"line":19,"column":42}},"2":{"start":{"line":20,"column":0},"end":{"line":20,"column":50}},"3":{"start":{"line":21,"column":0},"end":{"line":21,"column":41}},"4":{"start":{"line":22,"column":0},"end":{"line":22,"column":23}},"5":{"start":{"line":23,"column":0},"end":{"line":23,"column":23}},"6":{"start":{"line":24,"column":0},"end":{"line":24,"column":27}},"7":{"start":{"line":25,"column":0},"end":{"line":25,"column":27}},"8":{"start":{"line":26,"column":0},"end":{"line":26,"column":55}},"9":{"start":{"line":33,"column":0},"end":{"line":37,"column":1}},"10":{"start":{"line":34,"column":2},"end":{"line":34,"column":29}},"11":{"start":{"line":35,"column":2},"end":{"line":35,"column":37}},"12":{"start":{"line":36,"column":2},"end":{"line":36,"column":32}},"13":{"start":{"line":40,"column":0},"end":{"line":44,"column":1}},"14":{"start":{"line":41,"column":2},"end":{"line":43,"column":3}},"15":{"start":{"line":42,"column":4},"end":{"line":42,"column":67}},"16":{"start":{"line":48,"column":0},"end":{"line":60,"column":1}},"17":{"start":{"line":49,"column":2},"end":{"line":49,"column":24}},"18":{"start":{"line":50,"column":2},"end":{"line":58,"column":3}},"19":{"start":{"line":51,"column":4},"end":{"line":51,"column":35}},"20":{"start":{"line":52,"column":4},"end":{"line":57,"column":5}},"21":{"start":{"line":53,"column":6},"end":{"line":55,"column":7}},"22":{"start":{"line":54,"column":8},"end":{"line":54,"column":17}},"23":{"start":{"line":56,"column":6},"end":{"line":56,"column":24}},"24":{"start":{"line":59,"column":2},"end":{"line":59,"column":18}},"25":{"start":{"line":65,"column":0},"end":{"line":65,"column":51}},"26":{"start":{"line":70,"column":0},"end":{"line":70,"column":61}},"27":{"start":{"line":75,"column":0},"end":{"line":75,"column":53}},"28":{"start":{"line":80,"column":0},"end":{"line":80,"column":59}},"29":{"start":{"line":85,"column":0},"end":{"line":85,"column":59}},"30":{"start":{"line":90,"column":0},"end":{"line":90,"column":71}},"31":{"start":{"line":96,"column":0},"end":{"line":96,"column":36}},"32":{"start":{"line":103,"column":0},"end":{"line":103,"column":44}},"33":{"start":{"line":109,"column":0},"end":{"line":160,"column":2}},"34":{"start":{"line":110,"column":2},"end":{"line":110,"column":18}},"35":{"start":{"line":122,"column":2},"end":{"line":159,"column":3}},"36":{"start":{"line":123,"column":4},"end":{"line":125,"column":7}},"37":{"start":{"line":124,"column":6},"end":{"line":124,"column":58}},"38":{"start":{"line":127,"column":4},"end":{"line":134,"column":6}},"39":{"start":{"line":128,"column":6},"end":{"line":130,"column":7}},"40":{"start":{"line":129,"column":8},"end":{"line":129,"column":42}},"41":{"start":{"line":131,"column":6},"end":{"line":133,"column":9}},"42":{"start":{"line":132,"column":8},"end":{"line":132,"column":47}},"43":{"start":{"line":137,"column":4},"end":{"line":139,"column":5}},"44":{"start":{"line":138,"column":6},"end":{"line":138,"column":13}},"45":{"start":{"line":142,"column":4},"end":{"line":158,"column":7}},"46":{"start":{"line":143,"column":6},"end":{"line":146,"column":7}},"47":{"start":{"line":144,"column":8},"end":{"line":144,"column":36}},"48":{"start":{"line":145,"column":8},"end":{"line":145,"column":15}},"49":{"start":{"line":149,"column":6},"end":{"line":157,"column":9}},"50":{"start":{"line":150,"column":8},"end":{"line":153,"column":9}},"51":{"start":{"line":151,"column":10},"end":{"line":151,"column":38}},"52":{"start":{"line":152,"column":10},"end":{"line":152,"column":17}},"53":{"start":{"line":156,"column":8},"end":{"line":156,"column":43}},"54":{"start":{"line":167,"column":0},"end":{"line":175,"column":2}},"55":{"start":{"line":168,"column":2},"end":{"line":168,"column":89}},"56":{"start":{"line":169,"column":2},"end":{"line":173,"column":3}},"57":{"start":{"line":170,"column":4},"end":{"line":172,"column":7}},"58":{"start":{"line":171,"column":6},"end":{"line":171,"column":43}},"59":{"start":{"line":174,"column":2},"end":{"line":174,"column":19}},"60":{"start":{"line":182,"column":0},"end":{"line":204,"column":2}},"61":{"start":{"line":183,"column":2},"end":{"line":183,"column":18}},"62":{"start":{"line":184,"column":2},"end":{"line":190,"column":3}},"63":{"start":{"line":186,"column":4},"end":{"line":188,"column":7}},"64":{"start":{"line":187,"column":6},"end":{"line":187,"column":66}},"65":{"start":{"line":189,"column":4},"end":{"line":189,"column":11}},"66":{"start":{"line":193,"column":2},"end":{"line":199,"column":5}},"67":{"start":{"line":194,"column":4},"end":{"line":197,"column":5}},"68":{"start":{"line":195,"column":6},"end":{"line":195,"column":50}},"69":{"start":{"line":196,"column":6},"end":{"line":196,"column":13}},"70":{"start":{"line":198,"column":4},"end":{"line":198,"column":29}},"71":{"start":{"line":201,"column":2},"end":{"line":203,"column":3}},"72":{"start":{"line":202,"column":4},"end":{"line":202,"column":30}},"73":{"start":{"line":211,"column":0},"end":{"line":224,"column":2}},"74":{"start":{"line":212,"column":2},"end":{"line":223,"column":5}},"75":{"start":{"line":213,"column":4},"end":{"line":213,"column":18}},"76":{"start":{"line":214,"column":4},"end":{"line":220,"column":5}},"77":{"start":{"line":215,"column":6},"end":{"line":219,"column":7}},"78":{"start":{"line":216,"column":8},"end":{"line":216,"column":52}},"79":{"start":{"line":218,"column":8},"end":{"line":218,"column":25}},"80":{"start":{"line":222,"column":4},"end":{"line":222,"column":41}},"81":{"start":{"line":231,"column":0},"end":{"line":233,"column":2}},"82":{"start":{"line":232,"column":2},"end":{"line":232,"column":70}},"83":{"start":{"line":248,"column":0},"end":{"line":266,"column":2}},"84":{"start":{"line":249,"column":2},"end":{"line":251,"column":3}},"85":{"start":{"line":250,"column":4},"end":{"line":250,"column":48}},"86":{"start":{"line":252,"column":2},"end":{"line":265,"column":5}},"87":{"start":{"line":259,"column":4},"end":{"line":262,"column":5}},"88":{"start":{"line":260,"column":6},"end":{"line":260,"column":32}},"89":{"start":{"line":261,"column":6},"end":{"line":261,"column":13}},"90":{"start":{"line":264,"column":4},"end":{"line":264,"column":36}},"91":{"start":{"line":272,"column":0},"end":{"line":322,"column":2}},"92":{"start":{"line":273,"column":2},"end":{"line":273,"column":18}},"93":{"start":{"line":276,"column":2},"end":{"line":321,"column":3}},"94":{"start":{"line":277,"column":4},"end":{"line":279,"column":7}},"95":{"start":{"line":278,"column":6},"end":{"line":278,"column":82}},"96":{"start":{"line":283,"column":4},"end":{"line":297,"column":6}},"97":{"start":{"line":284,"column":6},"end":{"line":296,"column":7}},"98":{"start":{"line":285,"column":8},"end":{"line":285,"column":40}},"99":{"start":{"line":286,"column":8},"end":{"line":291,"column":11}},"100":{"start":{"line":287,"column":10},"end":{"line":290,"column":13}},"101":{"start":{"line":289,"column":12},"end":{"line":289,"column":60}},"102":{"start":{"line":293,"column":8},"end":{"line":295,"column":11}},"103":{"start":{"line":294,"column":10},"end":{"line":294,"column":46}},"104":{"start":{"line":300,"column":4},"end":{"line":302,"column":5}},"105":{"start":{"line":301,"column":6},"end":{"line":301,"column":13}},"106":{"start":{"line":305,"column":4},"end":{"line":307,"column":5}},"107":{"start":{"line":306,"column":6},"end":{"line":306,"column":13}},"108":{"start":{"line":310,"column":4},"end":{"line":320,"column":7}},"109":{"start":{"line":311,"column":6},"end":{"line":319,"column":7}},"110":{"start":{"line":313,"column":8},"end":{"line":313,"column":52}},"111":{"start":{"line":316,"column":8},"end":{"line":318,"column":32}},"112":{"start":{"line":329,"column":0},"end":{"line":349,"column":2}},"113":{"start":{"line":330,"column":2},"end":{"line":330,"column":18}},"114":{"start":{"line":331,"column":2},"end":{"line":348,"column":3}},"115":{"start":{"line":332,"column":4},"end":{"line":332,"column":26}},"116":{"start":{"line":334,"column":4},"end":{"line":336,"column":5}},"117":{"start":{"line":335,"column":6},"end":{"line":335,"column":50}},"118":{"start":{"line":337,"column":4},"end":{"line":347,"column":7}},"119":{"start":{"line":342,"column":6},"end":{"line":344,"column":7}},"120":{"start":{"line":343,"column":8},"end":{"line":343,"column":66}},"121":{"start":{"line":345,"column":6},"end":{"line":345,"column":33}},"122":{"start":{"line":346,"column":6},"end":{"line":346,"column":28}},"123":{"start":{"line":357,"column":0},"end":{"line":376,"column":4}},"124":{"start":{"line":360,"column":4},"end":{"line":360,"column":20}},"125":{"start":{"line":361,"column":4},"end":{"line":361,"column":73}},"126":{"start":{"line":362,"column":4},"end":{"line":364,"column":5}},"127":{"start":{"line":363,"column":6},"end":{"line":363,"column":19}},"128":{"start":{"line":365,"column":4},"end":{"line":374,"column":7}},"129":{"start":{"line":366,"column":6},"end":{"line":366,"column":30}},"130":{"start":{"line":367,"column":6},"end":{"line":372,"column":7}},"131":{"start":{"line":368,"column":8},"end":{"line":371,"column":15}},"132":{"start":{"line":373,"column":6},"end":{"line":373,"column":51}},"133":{"start":{"line":375,"column":4},"end":{"line":375,"column":16}},"134":{"start":{"line":384,"column":0},"end":{"line":417,"column":4}},"135":{"start":{"line":387,"column":4},"end":{"line":387,"column":20}},"136":{"start":{"line":389,"column":4},"end":{"line":389,"column":24}},"137":{"start":{"line":390,"column":4},"end":{"line":399,"column":5}},"138":{"start":{"line":392,"column":6},"end":{"line":392,"column":41}},"139":{"start":{"line":395,"column":6},"end":{"line":395,"column":38}},"140":{"start":{"line":396,"column":6},"end":{"line":398,"column":7}},"141":{"start":{"line":397,"column":8},"end":{"line":397,"column":51}},"142":{"start":{"line":401,"column":4},"end":{"line":409,"column":5}},"143":{"start":{"line":402,"column":6},"end":{"line":402,"column":52}},"144":{"start":{"line":403,"column":6},"end":{"line":403,"column":82}},"145":{"start":{"line":404,"column":6},"end":{"line":404,"column":55}},"146":{"start":{"line":406,"column":6},"end":{"line":408,"column":7}},"147":{"start":{"line":407,"column":8},"end":{"line":407,"column":24}},"148":{"start":{"line":411,"column":4},"end":{"line":413,"column":5}},"149":{"start":{"line":412,"column":6},"end":{"line":412,"column":19}},"150":{"start":{"line":415,"column":4},"end":{"line":415,"column":72}},"151":{"start":{"line":416,"column":4},"end":{"line":416,"column":16}},"152":{"start":{"line":425,"column":0},"end":{"line":461,"column":4}},"153":{"start":{"line":428,"column":4},"end":{"line":428,"column":20}},"154":{"start":{"line":429,"column":4},"end":{"line":429,"column":21}},"155":{"start":{"line":431,"column":4},"end":{"line":433,"column":5}},"156":{"start":{"line":432,"column":6},"end":{"line":432,"column":53}},"157":{"start":{"line":436,"column":4},"end":{"line":448,"column":5}},"158":{"start":{"line":437,"column":6},"end":{"line":447,"column":7}},"159":{"start":{"line":439,"column":8},"end":{"line":439,"column":45}},"160":{"start":{"line":441,"column":8},"end":{"line":443,"column":9}},"161":{"start":{"line":442,"column":10},"end":{"line":442,"column":19}},"162":{"start":{"line":445,"column":8},"end":{"line":446,"column":26}},"163":{"start":{"line":450,"column":4},"end":{"line":457,"column":5}},"164":{"start":{"line":451,"column":6},"end":{"line":456,"column":7}},"165":{"start":{"line":452,"column":8},"end":{"line":452,"column":54}},"166":{"start":{"line":453,"column":8},"end":{"line":453,"column":46}},"167":{"start":{"line":455,"column":8},"end":{"line":455,"column":90}},"168":{"start":{"line":458,"column":4},"end":{"line":460,"column":5}},"169":{"start":{"line":459,"column":6},"end":{"line":459,"column":36}},"170":{"start":{"line":468,"column":0},"end":{"line":488,"column":2}},"171":{"start":{"line":469,"column":2},"end":{"line":469,"column":18}},"172":{"start":{"line":470,"column":2},"end":{"line":470,"column":13}},"173":{"start":{"line":471,"column":2},"end":{"line":475,"column":3}},"174":{"start":{"line":472,"column":4},"end":{"line":473,"column":74}},"175":{"start":{"line":474,"column":4},"end":{"line":474,"column":11}},"176":{"start":{"line":476,"column":2},"end":{"line":480,"column":3}},"177":{"start":{"line":477,"column":4},"end":{"line":477,"column":42}},"178":{"start":{"line":479,"column":4},"end":{"line":479,"column":34}},"179":{"start":{"line":481,"column":2},"end":{"line":487,"column":5}},"180":{"start":{"line":482,"column":4},"end":{"line":486,"column":5}},"181":{"start":{"line":483,"column":6},"end":{"line":483,"column":34}},"182":{"start":{"line":485,"column":6},"end":{"line":485,"column":43}},"183":{"start":{"line":495,"column":0},"end":{"line":517,"column":2}},"184":{"start":{"line":496,"column":2},"end":{"line":496,"column":18}},"185":{"start":{"line":497,"column":2},"end":{"line":503,"column":3}},"186":{"start":{"line":498,"column":4},"end":{"line":501,"column":7}},"187":{"start":{"line":499,"column":6},"end":{"line":500,"column":73}},"188":{"start":{"line":502,"column":4},"end":{"line":502,"column":11}},"189":{"start":{"line":504,"column":2},"end":{"line":504,"column":13}},"190":{"start":{"line":505,"column":2},"end":{"line":505,"column":29}},"191":{"start":{"line":506,"column":2},"end":{"line":508,"column":5}},"192":{"start":{"line":507,"column":4},"end":{"line":507,"column":15}},"193":{"start":{"line":509,"column":2},"end":{"line":516,"column":5}},"194":{"start":{"line":510,"column":4},"end":{"line":515,"column":5}},"195":{"start":{"line":511,"column":6},"end":{"line":511,"column":31}},"196":{"start":{"line":512,"column":6},"end":{"line":512,"column":40}},"197":{"start":{"line":514,"column":6},"end":{"line":514,"column":34}},"198":{"start":{"line":523,"column":0},"end":{"line":531,"column":2}},"199":{"start":{"line":524,"column":2},"end":{"line":524,"column":31}},"200":{"start":{"line":525,"column":2},"end":{"line":529,"column":3}},"201":{"start":{"line":526,"column":4},"end":{"line":528,"column":5}},"202":{"start":{"line":527,"column":6},"end":{"line":527,"column":18}},"203":{"start":{"line":530,"column":2},"end":{"line":530,"column":15}},"204":{"start":{"line":537,"column":0},"end":{"line":539,"column":2}},"205":{"start":{"line":538,"column":2},"end":{"line":538,"column":39}},"206":{"start":{"line":545,"column":0},"end":{"line":547,"column":2}},"207":{"start":{"line":546,"column":2},"end":{"line":546,"column":27}},"208":{"start":{"line":553,"column":0},"end":{"line":555,"column":2}},"209":{"start":{"line":554,"column":2},"end":{"line":554,"column":23}},"210":{"start":{"line":561,"column":0},"end":{"line":563,"column":2}},"211":{"start":{"line":562,"column":2},"end":{"line":562,"column":33}},"212":{"start":{"line":569,"column":0},"end":{"line":571,"column":2}},"213":{"start":{"line":570,"column":2},"end":{"line":570,"column":33}},"214":{"start":{"line":577,"column":0},"end":{"line":579,"column":2}},"215":{"start":{"line":578,"column":2},"end":{"line":578,"column":18}},"216":{"start":{"line":584,"column":0},"end":{"line":584,"column":28}}},"branchMap":{"1":{"line":41,"type":"if","locations":[{"start":{"line":41,"column":2},"end":{"line":41,"column":2}},{"start":{"line":41,"column":2},"end":{"line":41,"column":2}}]},"2":{"line":49,"type":"binary-expr","locations":[{"start":{"line":49,"column":10},"end":{"line":49,"column":17}},{"start":{"line":49,"column":21},"end":{"line":49,"column":23}}]},"3":{"line":50,"type":"if","locations":[{"start":{"line":50,"column":2},"end":{"line":50,"column":2}},{"start":{"line":50,"column":2},"end":{"line":50,"column":2}}]},"4":{"line":52,"type":"if","locations":[{"start":{"line":52,"column":4},"end":{"line":52,"column":4}},{"start":{"line":52,"column":4},"end":{"line":52,"column":4}}]},"5":{"line":52,"type":"binary-expr","locations":[{"start":{"line":52,"column":8},"end":{"line":52,"column":20}},{"start":{"line":52,"column":24},"end":{"line":52,"column":47}}]},"6":{"line":53,"type":"if","locations":[{"start":{"line":53,"column":6},"end":{"line":53,"column":6}},{"start":{"line":53,"column":6},"end":{"line":53,"column":6}}]},"7":{"line":122,"type":"if","locations":[{"start":{"line":122,"column":2},"end":{"line":122,"column":2}},{"start":{"line":122,"column":2},"end":{"line":122,"column":2}}]},"8":{"line":128,"type":"if","locations":[{"start":{"line":128,"column":6},"end":{"line":128,"column":6}},{"start":{"line":128,"column":6},"end":{"line":128,"column":6}}]},"9":{"line":128,"type":"binary-expr","locations":[{"start":{"line":128,"column":10},"end":{"line":128,"column":14}},{"start":{"line":128,"column":18},"end":{"line":128,"column":27}}]},"10":{"line":137,"type":"if","locations":[{"start":{"line":137,"column":4},"end":{"line":137,"column":4}},{"start":{"line":137,"column":4},"end":{"line":137,"column":4}}]},"11":{"line":143,"type":"if","locations":[{"start":{"line":143,"column":6},"end":{"line":143,"column":6}},{"start":{"line":143,"column":6},"end":{"line":143,"column":6}}]},"12":{"line":143,"type":"binary-expr","locations":[{"start":{"line":143,"column":10},"end":{"line":143,"column":13}},{"start":{"line":143,"column":17},"end":{"line":143,"column":26}}]},"13":{"line":150,"type":"if","locations":[{"start":{"line":150,"column":8},"end":{"line":150,"column":8}},{"start":{"line":150,"column":8},"end":{"line":150,"column":8}}]},"14":{"line":150,"type":"binary-expr","locations":[{"start":{"line":150,"column":12},"end":{"line":150,"column":15}},{"start":{"line":150,"column":19},"end":{"line":150,"column":28}}]},"15":{"line":168,"type":"binary-expr","locations":[{"start":{"line":168,"column":18},"end":{"line":168,"column":48}},{"start":{"line":168,"column":52},"end":{"line":168,"column":88}}]},"16":{"line":169,"type":"if","locations":[{"start":{"line":169,"column":2},"end":{"line":169,"column":2}},{"start":{"line":169,"column":2},"end":{"line":169,"column":2}}]},"17":{"line":184,"type":"if","locations":[{"start":{"line":184,"column":2},"end":{"line":184,"column":2}},{"start":{"line":184,"column":2},"end":{"line":184,"column":2}}]},"18":{"line":194,"type":"if","locations":[{"start":{"line":194,"column":4},"end":{"line":194,"column":4}},{"start":{"line":194,"column":4},"end":{"line":194,"column":4}}]},"19":{"line":194,"type":"binary-expr","locations":[{"start":{"line":194,"column":8},"end":{"line":194,"column":12}},{"start":{"line":194,"column":16},"end":{"line":194,"column":22}}]},"20":{"line":201,"type":"if","locations":[{"start":{"line":201,"column":2},"end":{"line":201,"column":2}},{"start":{"line":201,"column":2},"end":{"line":201,"column":2}}]},"21":{"line":214,"type":"if","locations":[{"start":{"line":214,"column":4},"end":{"line":214,"column":4}},{"start":{"line":214,"column":4},"end":{"line":214,"column":4}}]},"22":{"line":214,"type":"binary-expr","locations":[{"start":{"line":214,"column":8},"end":{"line":214,"column":12}},{"start":{"line":214,"column":16},"end":{"line":214,"column":22}}]},"23":{"line":249,"type":"if","locations":[{"start":{"line":249,"column":2},"end":{"line":249,"column":2}},{"start":{"line":249,"column":2},"end":{"line":249,"column":2}}]},"24":{"line":259,"type":"if","locations":[{"start":{"line":259,"column":4},"end":{"line":259,"column":4}},{"start":{"line":259,"column":4},"end":{"line":259,"column":4}}]},"25":{"line":259,"type":"binary-expr","locations":[{"start":{"line":259,"column":8},"end":{"line":259,"column":11}},{"start":{"line":259,"column":15},"end":{"line":259,"column":19}},{"start":{"line":259,"column":23},"end":{"line":259,"column":45}},{"start":{"line":259,"column":49},"end":{"line":259,"column":54}}]},"26":{"line":276,"type":"if","locations":[{"start":{"line":276,"column":2},"end":{"line":276,"column":2}},{"start":{"line":276,"column":2},"end":{"line":276,"column":2}}]},"27":{"line":284,"type":"if","locations":[{"start":{"line":284,"column":6},"end":{"line":284,"column":6}},{"start":{"line":284,"column":6},"end":{"line":284,"column":6}}]},"28":{"line":284,"type":"binary-expr","locations":[{"start":{"line":284,"column":10},"end":{"line":284,"column":14}},{"start":{"line":284,"column":18},"end":{"line":284,"column":24}}]},"29":{"line":300,"type":"if","locations":[{"start":{"line":300,"column":4},"end":{"line":300,"column":4}},{"start":{"line":300,"column":4},"end":{"line":300,"column":4}}]},"30":{"line":305,"type":"if","locations":[{"start":{"line":305,"column":4},"end":{"line":305,"column":4}},{"start":{"line":305,"column":4},"end":{"line":305,"column":4}}]},"31":{"line":311,"type":"if","locations":[{"start":{"line":311,"column":6},"end":{"line":311,"column":6}},{"start":{"line":311,"column":6},"end":{"line":311,"column":6}}]},"32":{"line":331,"type":"if","locations":[{"start":{"line":331,"column":2},"end":{"line":331,"column":2}},{"start":{"line":331,"column":2},"end":{"line":331,"column":2}}]},"33":{"line":334,"type":"if","locations":[{"start":{"line":334,"column":4},"end":{"line":334,"column":4}},{"start":{"line":334,"column":4},"end":{"line":334,"column":4}}]},"34":{"line":342,"type":"if","locations":[{"start":{"line":342,"column":6},"end":{"line":342,"column":6}},{"start":{"line":342,"column":6},"end":{"line":342,"column":6}}]},"35":{"line":342,"type":"binary-expr","locations":[{"start":{"line":342,"column":10},"end":{"line":342,"column":14}},{"start":{"line":342,"column":18},"end":{"line":342,"column":21}},{"start":{"line":342,"column":25},"end":{"line":342,"column":36}}]},"36":{"line":362,"type":"if","locations":[{"start":{"line":362,"column":4},"end":{"line":362,"column":4}},{"start":{"line":362,"column":4},"end":{"line":362,"column":4}}]},"37":{"line":362,"type":"binary-expr","locations":[{"start":{"line":362,"column":8},"end":{"line":362,"column":24}},{"start":{"line":362,"column":28},"end":{"line":362,"column":56}}]},"38":{"line":367,"type":"if","locations":[{"start":{"line":367,"col
[...]
ENSE-2.0"," *"," * Unless required by applicable law or agreed to in writing, software"," * distributed under the License is distributed on an \"AS IS\" BASIS,"," * WITHOUT WARRANTIES OR CONDITIONS OF ANY KIND, either express or implied."," * See the License for the specific language governing permissions and"," * limitations under the License."," */","","'use strict';","","var jws = require('jws');","var noop = require('lodash.noop');","","/**"," * JWTAccess service account credentials."," *"," * Create a new access token by using the credential to create a new JWT token"," * that's recognized as the access token."," *"," * @param {string=} email the service account email address."," * @param {string=} key the private key that will be used to sign the token."," * @constructor"," */","function JWTAccess(email, key) {","  this.email = email;","  this.key = key;","}","","/**"," * Indicates whether the credential requires scopes to be created by calling"," * createdScoped before use."," *"," * @return {boolean} always false"," */","JWTAccess.prototype.createScopedRequired = function() {","  // JWT Header authentication does not use scopes.","  return false;","};","","/**"," * Get a non-expired access token, after refreshing if necessary"," *"," * @param {string} authURI the URI being authorized"," * @param {function} metadataCb a callback invoked with the jwt"," *                   request metadata."," */","JWTAccess.prototype.getRequestMetadata = function(authURI, metadataCb) {","  var iat = Math.floor(new Date().getTime() / 1000);","  var exp = iat + 3600; // 3600 seconds = 1 hour","","  // The payload used for signed JWT headers has:","  // iss == sub == <client email>","  // aud == <the authorization uri>","  var payload = {","    iss: this.email,","    sub: this.email,","    aud: authURI,","    exp: exp,","    iat: iat","  };","  var assertion = {","    header: {","      alg: 'RS256',","      typ: 'JWT'","    },","    payload: payload,","    secret: this.key","  };","","  // Sign the jwt and invoke metadataCb with it.","  return this._signJWT(assertion, function(err, signedJWT) {","    if (!err) {","      return metadataCb(null, {'Authorization': 'Bearer ' + signedJWT});","    } else {","      return metadataCb(err, null);","    }","  });","};","","/**"," * Create a JWTAccess credentials instance using the given input options."," * @param {object=} json The input object."," * @param {function=} opt_callback Optional callback."," */","JWTAccess.prototype.fromJSON = function(json, opt_callback) {","  var that = this;","  var done = opt_callback || noop;","  if (!json) {","    done(new Error(","      'Must pass in a JSON object containing the service account auth settings.'));","    return;","  }","  if (!json.client_email) {","    done(new Error(","      'The incoming JSON object does not contain a client_email field'));","    return;","  }","  if (!json.private_key) {","    done(new Error(","      'The incoming JSON object does not contain a private_key field'));","    return;","  }","  // Extract the relevant information from the json key file.","  that.email = json.client_email;","  that.key = json.private_key;","  that.projectId = json.project_id;","  done();","};","","/**"," * Create a JWTAccess credentials instance using the given input stream."," * @param {object=} stream The input stream."," * @param {function=} opt_callback Optional callback."," */","JWTAccess.prototype.fromStream = function(stream, opt_callback) {","  var that = this;","  var done = opt_callback || noop;","  if (!stream) {","    process.nextTick(function() {","        done(","            new Error('Must pass in a stream containing the service account auth settings.'));","    });","    return;","  }","  var s = '';","  stream.setEncoding('utf8');","  stream.on('data', function (chunk) {","    s += chunk;","  });","  stream.on('end', function () {","    try {","      var data = JSON.parse(s);","      that.fromJSON(data, opt_callback);","    } catch (err) {","      done(err);","    }","  });","};","","/**"," * Sign the JWT object, returning any errors in the callback."," *"," * signedJwtFn is a callback function(err, signedJWT); it is called with an"," * error if there is an exception during signing."," *"," * @param  {object}   assertion   The assertion to sign"," * @param  {Function} signedJwtFn  fn(err, signedJWT)"," */","JWTAccess.prototype._signJWT = function(assertion, signedJwtFn) {","  try {","    return signedJwtFn(null, jws.sign(assertion));","  } catch (err) {","    return signedJwtFn(err);","  }","};","","/**"," * Export JWTAccess."," */","module.exports = JWTAccess;",""],"l":{"19":1,"20":1,"32":1,"33":0,"34":0,"43":1,"45":0,"55":1,"56":0,"57":0,"62":0,"69":0,"79":0,"80":0,"81":0,"83":0,"93":1,"94":0,"95":0,"96":0,"97":0,"99":0,"101":0,"102":0,"104":0,"106":0,"107":0,"109":0,"112":0,"113":0,"114":0,"115":0,"123":1,"124":0,"125":0,"126":0,"127":0,"128":0,"131":0,"133":0,"134":0,"135":0,"136":0,"138":0,"139":0,"140":0,"141":0,"143":0,"157":1,"158":0,"159":0,"161":0,"168":1}},"/home/travis/build/npmtest/node-npmtest-google-auth-library/node_modules/google-auth-library/lib/auth/loginticket.js":{"path":"/home/travis/build/npmtest/node-npmtest-google-auth-library/node_modules/google-auth-library/lib/auth/loginticket.js","s":{"1":1,"2":1,"3":0,"4":0,"5":0,"6":0,"7":0,"8":0,"9":1,"10":0,"11":0,"12":0,"13":0,"14":1,"15":0,"16":1},"b":{"1":[0,0],"2":[0,0]},"f":{"1":0,"2":0,"3":0,"4":0,"5":0},"fnMap":{"1":{"name":"LoginTicket","line":28,"loc":{"start":{"line":28,"column":0},"end":{"line":28,"column":31}}},"2":{"name":"(anonymous_2)","line":32,"loc":{"start":{"line":32,"column":21},"end":{"line":32,"column":32}}},"3":{"name":"(anonymous_3)","line":36,"loc":{"start":{"line":36,"column":20},"end":{"line":36,"column":31}}},"4":{"name":"(anonymous_4)","line":46,"loc":{"start":{"line":46,"column":34},"end":{"line":46,"column":45}}},"5":{"name":"(anonymous_5)","line":61,"loc":{"start":{"line":61,"column":38},"end":{"line":61,"column":49}}}},"statementMap":{"1":{"start":{"line":19,"column":0},"end":{"line":19,"column":22}},"2":{"start":{"line":28,"column":0},"end":{"line":39,"column":1}},"3":{"start":{"line":29,"column":2},"end":{"line":29,"column":21}},"4":{"start":{"line":30,"column":2},"end":{"line":30,"column":20}},"5":{"start":{"line":32,"column":2},"end":{"line":34,"column":4}},"6":{"start":{"line":33,"column":4},"end":{"line":33,"column":20}},"7":{"start":{"line":36,"column":2},"end":{"line":38,"column":4}},"8":{"start":{"line":37,"column":4},"end":{"line":37,"column":19}},"9":{"start":{"line":46,"column":0},"end":{"line":53,"column":2}},"10":{"start":{"line":47,"column":2},"end":{"line":47,"column":34}},"11":{"start":{"line":48,"column":2},"end":{"line":50,"column":3}},"12":{"start":{"line":49,"column":4},"end":{"line":49,"column":30}},"13":{"start":{"line":52,"column":2},"end":{"line":52,"column":14}},"14":{"start":{"line":61,"column":0},"end":{"line":66,"column":2}},"15":{"start":{"line":62,"column":2},"end":{"line":65,"column":4}},"16":{"start":{"line":71,"column":0},"end":{"line":71,"column":29}}},"branchMap":{"1":{"line":48,"type":"if","locations":[{"start":{"line":48,"column":2},"end":{"line":48,"column":2}},{"start":{"line":48,"column":2},"end":{"line":48,"column":2}}]},"2":{"line":48,"type":"binary-expr","locations":[{"start":{"line":48,"column":6},"end":{"line":48,"column":13}},{"start":{"line":48,"column":17},"end":{"line":48,"column":35}}]}},"code":["/**"," * Copyright 2014 Google Inc. All Rights Reserved."," *"," * Licensed under the Apache License, Version 2.0 (the \"License\");"," * you may not use this file except in compliance with the License."," * You may obtain a copy of the License at"," *"," *      http://www.apache.org/licenses/LICENSE-2.0"," *"," * Unless required by applicable law or agreed to in writing, software"," * distributed under the License is distributed on an \"AS IS\" BASIS,"," * WITHOUT WARRANTIES OR CONDITIONS OF ANY KIND, either express or implied."," * See the License for the specific language governing permissions and"," * limitations under the License."," */","","'use strict';","","var USER_ATTR = 'sub';","","/**"," * Create a simple class to extract user ID from an ID Token"," *"," * @param {string} env Envelope of the jwt"," * @param {string} pay Payload of the jwt"," * @constructor"," */","function LoginTicket(env, pay) {","  var envelope = env;","  var payload = pay;","","  this.getEnvelope = function() {","    return envelope;","  };","","  this.getPayload = function() {","    return payload;","  };","}","","/**"," * Create a simple class to extract user ID from an ID Token"," *"," * @return {string} The user ID"," */","LoginTicket.prototype.getUserId = function() {","  var payload = this.getPayload();","  if (payload && payload[USER_ATTR]) {","    return payload[USER_ATTR];","  }","","  return null;","};","","/**"," * Returns attributes from the login ticket.  This can contain"," * various information about the user session."," *"," * @return {Object} The envelope and payload"," */","LoginTicket.prototype.getAttributes = function() {","  return {","    'envelope': this.getEnvelope(),","    'payload': this.getPayload()","  };","};","","/**"," * Export LoginTicket."," */","module.exports = LoginTicket;",""],"l":{"19":1,"28":1,"29":0,"30":0,"32":0,"33":0,"36":0,"37":0,"46":1,"47":0,"48":0,"49":0,"52":0,"61":1,"62":0,"71":1}},"/home/travis/build/npmtest/node-npmtest-google-auth-library/node_modules/google-auth-library/lib/auth/refreshclient.js":{"path":"/home/travis/build/npmtest/node-npmtest-google-auth-library/node_modules/google-auth-library/lib/auth/refreshclient.js","s":{"1":2,"2":0,"3":1,"4":0,"5":0,"6":0,"7":1,"8":0,"9":0,"10":0,"11":0,"12":0,"13":0,"14":0,"15":0,"16":0,"17":0,"18":0,"19":0,"20":0,"21":0,"22":0,"23":0,"24":0,"25":0,"26":0,"27":0,"28":0,"29":0,"30":0,"31":0,"32":0,"33":0,"34":0,"35":0,"36":0,"37":0,"38":0,"39":0,"40":0,"41":0,"42":0,"43":0,"44":0,"45":0,"46":0,"47":0,"48":0,"49":0},"b":{"1":[0,0],"2":[0,0],"3":[0,0],"4":[0,0],"5":[0,0],"6":[0,0],"7":[0,0]},"f":{"1":0,"2":0,"3":0,"4":0,"5":0,"6":0,"7":0,"8":0},"fnMap":{"1":{"name":"UserRefreshClient","line":30,"loc":{"start":{"line":30,"column":0},"end":{"line":30,"column":65}}},"2":{"name":"callback","line":39,"loc":{"start":{"line":39,"column":0},"end":{"line":39,"column":31}}},"3":{"name":"(anonymous_3)","line":51,"loc":{"start":{"line":51,"column":44},"end":{"line":51,"column":77}}},"4":{"name":"(anonymous_4)","line":61,"loc":{"start":{"line":61,"column":39},"end":{"line":61,"column":68}}},"5":{"name":"(anonymous_5)","line":100,"loc":{"start":{"line":100,"column":41},"end":{"line":100,"column":72}}},"6":{"name":"(anonymous_6)","line":103,"loc":{"start":{"line":103,"column":21},"end":{"line":103,"column":32}}},"7":{"name":"(anonymous_7)","line":112,"loc":{"start":{"line":112,"column":20},"end":{"line":112,"column":37}}},"8":{"name":"(anonymous_8)","line":115,"loc":{"start":{"line":115,"column":19},"end":{"line":115,"column":31}}}},"statementMap":{"1":{"start":{"line":19,"column":0},"end":{"line":19,"column":47}},"2":{"start":{"line":20,"column":0},"end":{"line":20,"column":27}},"3":{"start":{"line":30,"column":0},"end":{"line":34,"column":1}},"4":{"start":{"line":31,"column":2},"end":{"line":31,"column":62}},"5":{"start":{"line":33,"column":2},"end":{"line":33,"column":36}},"6":{"start":{"line":36,"column":0},"end":{"line":36,"column":46}},"7":{"start":{"line":39,"column":0},"end":{"line":43,"column":1}},"8":{"start":{"line":40,"column":2},"end":{"line":42,"column":3}},"9":{"start":{"line":41,"column":4},"end":{"line":41,"column":16}},"10":{"start":{"line":51,"column":0},"end":{"line":54,"column":2}},"11":{"start":{"line":52,"column":2},"end":{"line":53,"column":46}},"12":{"start":{"line":61,"column":0},"end":{"line":93,"column":2}},"13":{"start":{"line":62,"column":2},"end":{"line":62,"column":18}},"14":{"start":{"line":63,"column":2},"end":{"line":67,"column":3}},"15":{"start":{"line":64,"column":4},"end":{"line":65,"column":73}},"16":{"start":{"line":66,"column":4},"end":{"line":66,"column":11}},"17":{"start":{"line":68,"column":2},"end":{"line":72,"column":3}},"18":{"start":{"line":69,"column":4},"end":{"line":70,"column":78}},"19":{"start":{"line":71,"column":4},"end":{"line":71,"column":11}},"20":{"start":{"line":73,"column":2},"end":{"line":77,"column":3}},"21":{"start":{"line":74,"column":4},"end":{"line":75,"column":72}},"22":{"start":{"line":76,"column":4},"end":{"line":76,"column":11}},"23":{"start":{"line":78,"column":2},"end":{"line":82,"column":3}},"24":{"start":{"line":79,"column":4},"end":{"line":80,"column":76}},"25":{"start":{"line":81,"column":4},"end":{"line":81,"column":11}},"26":{"start":{"line":83,"column":2},"end":{"line":87,"column":3}},"27":{"start":{"line":84,"column":4},"end":{"line":85,"column":76}},"28":{"start":{"line":86,"column":4},"end":{"line":86,"column":11}},"29":{"start":{"line":88,"column":2},"end":{"line":88,"column":34}},"30":{"start":{"line":89,"column":2},"end":{"line":89,"column":42}},"31":{"start":{"line":90,"column":2},"end":{"line":90,"column":42}},"32":{"start":{"line":91,"column":2},"end":{"line":91,"column":54}},"33":{"start":{"line":92,"column":2},"end":{"line":92,"column":25}},"34":{"start":{"line":100,"column":0},"end":{"line":123,"column":2}},"35":{"start":{"line":101,"column":2},"end":{"line":101,"column":18}},"36":{"start":{"line":102,"column":2},"end":{"line":109,"column":3}},"37":{"start":{"line":103,"column":4},"end":{"line":107,"column":7}},"38":{"start":{"line":104,"column":6},"end":{"line":106,"column":79}},"39":{"start":{"line":108,"column":4},"end":{"line":108,"column":11}},"40":{"start":{"line":110,"column":2},"end":{"line":110,"column":13}},"41":{"start":{"line":111,"column":2},"end":{"line":111,"column":29}},"42":{"start":{"line":112,"column":2},"end":{"line":114,"column":5}},"43":{"start":{"line":113,"column":4},"end":{"line":113,"column":15}},"44":{"start":{"line":115,"column":2},"end":{"line":122,"column":5}},"45":{"start":{"line":116,"column":4},"end":{"line":121,"column":5}},"46":{"start":{"line":117,"column":6},"end":{"line":117,"column":31}},"47":{"start":{"line":118,"column":6},"end":{"line":118,"column":40}},"48":{"start":{"line":120,"column":6},"end":{"line":120,"column":34}},"49":{"start":{"line":128,"column":0},"end":{"line":128,"column":35}}},"branchMap":{"1":{"line":40,"type":"if","locations":[{"start":{"line":40,"column":2},"end":{"line":40,"column":2}},{"start":{"line":40,"column":2},"end":{"line":40,"column":2}}]},"2":{"line":63,"type":"if","locations":[{"start":{"line":63,"column":2},"end":{"line":63,"column":2}},{"start":{"line":63,"column":2},"end":{"line":63,"column":2}}]},"3":{"line":68,"type":"if","locations":[{"start":{"line":68,"column":2},"end":{"line":68,"column":2}},{"start":{"line":68,"column":2},"end":{"line":68,"column":2}}]},"4":{"line":73,"type":"if","locations":[{"start":{"line":73,"column":2},"end":{"line":73,"column":2}},{"start":{"line":73,"column":2},"end":{"line":73,"column":2}}]},"5":{"line":78,"type":"if","locations":[{"start":{"line":78,"column":2},"end":{"line":78,"column":2}},{"start":{"line":78,"column":2},"end":{"line":78,"column":2}}]},"6":{"line":83,"type":"if","locations":[{"start":{"line":83,"column":2},"end":{"line":83,"column":2}},{"start":{"line":83,"column":2},"end":{"line":83,"column":2}}]},"7":{"line":102,"type":"if","locations":[{"start":{"line":102,"column":2},"end":{"line":102,"column":2}},{"start":{"line":102,"column":2},"end":{"line":102,"column":2}}]}},"code":["/**"," * Copyright 2015 Google Inc. All Rights Reserved."," *"," * Licensed under the Apache License, Version 2.0 (the \"License\");"," * you may not use this file except in compliance with the License."," * You may obtain a copy of the License at"," *"," *      http://www.apache.org/licenses/LICENSE-2.0"," *"," * Unless required by applicable law or agreed to in writing, software"," * distributed under the License is distributed on an \"AS IS\" BASIS,"," * WITHOUT WARRANTIES OR CONDITIONS OF ANY KIND, either express or implied."," * See the License for the specific language governing permissions and"," * limitations under the License."," */","","'use strict';","","var Auth2Client = require('./oauth2client.js');","var util = require('util');","","/**"," * User Refresh Token credentials."," *"," * @param {string} clientId The authentication client ID."," * @param {string} clientSecret The authentication client secret."," * @param {string} refreshToken The authentication refresh token."," * @constructor"," */","function UserRefreshClient(clientId, clientSecret, refreshToken) {","  UserRefreshClient.super_.call(this, clientId, clientSecret);","  // Named to avoid collision with the method refreshToken_","  this._refreshToken = refreshToken;","}","","util.inherits(UserRefreshClient, Auth2Client);","","// Executes the given callback if it is not null.","function callback(c, err, res) {","  if (c) {","    c(err, res);","  }","}","","/**"," * Refreshes the access token."," * @param {object=} ignored_"," * @param {function=} opt_callback Optional callback."," * @private"," */","UserRefreshClient.prototype.refreshToken_ = function(ignored_, opt_callback) {","  UserRefreshClient.super_.prototype.refreshToken_.call(","      this, this._refreshToken, opt_callback);","};","","/**"," * Create a UserRefreshClient credentials instance using the given input options."," * @param {object=} json The input object."," * @param {function=} opt_callback Optional callback."," */","UserRefreshClient.prototype.fromJSON = function(json, opt_callback) {","  var that = this;","  if (!json) {","    callback(opt_callback, new Error(","        'Must pass in a JSON object containing the user refresh token'));","    return;","  }","  if (json.type !== 'authorized_user') {","    callback(opt_callback, new Error(","        'The incoming JSON object does not have the \"authorized_user\" type'));","    return;","  }","  if (!json.client_id) {","    callback(opt_callback, new Error(","        'The incoming JSON object does not contain a client_id field'));","    return;","  }","  if (!json.client_secret) {","    callback(opt_callback, new Error(","        'The incoming JSON object does not contain a client_secret field'));","    return;","  }","  if (!json.refresh_token) {","    callback(opt_callback, new Error(","        'The incoming JSON object does not contain a refresh_token field'));","    return;","  }","  that.clientId_ = json.client_id;","  that.clientSecret_ = json.client_secret;","  that._refreshToken = json.refresh_token;","  that.credentials.refresh_token = json.refresh_token;","  callback(opt_callback);","};","","/**"," * Create a UserRefreshClient credentials instance using the given input stream."," * @param {object=} stream The input stream."," * @param {function=} opt_callback Optional callback."," */","UserRefreshClient.prototype.fromStream = function(stream, opt_callback) {","  var that = this;","  if (!stream) {","    process.nextTick(function() {","      callback(","        opt_callback,","        new Error('Must pass in a stream containing the user refresh token.'));","    });","    return;","  }","  var s = '';","  stream.setEncoding('utf8');","  stream.on('data', function (chunk) {","    s += chunk;","  });","  stream.on('end', function () {","    try {","      var data = JSON.parse(s);","      that.fromJSON(data, opt_callback);","    } catch (err) {","      callback(opt_callback, err);","    }","  });","};","","/**"," * Export UserRefreshClient"," */","module.exports = UserRefreshClient;",""],"l":{"19":2,"20":0,"30":1,"31":0,"33":0,"36":0,"39":1,"40":0,"41":0,"51":0,"52":0,"61":0,"62":0,"63":0,"64":0,"66":0,"68":0,"69":0,"71":0,"73":0,"74":0,"76":0,"78":0,"79":0,"81":0,"83":0,"84":0,"86":0,"88":0,"89":0,"90":0,"91":0,"92":0,"100":0,"101":0,"102":0,"103":0,"104":0,"108":0,"110":0,"111":0,"112":0,"113":0,"115":0,"116":0,"117":0,"118":0,"120":0,"128":0}}}